4096
59
4097
61
4098
23
4099
5
4100
61
4101
47
4102
63
4103
63
4104
7
4105
35
4106
34
4107
3
4108
1
4109
12
4110
0
4111
1
4112
22
4113
61
4114
15
4115
24
4116
5
4117
56
4118
15
4119
24
4120
5
4121
59
4122
63
4123
0
4124
0
4125
5
4126
16
4127
0
4128
1
4129
56
4130
15
4131
24
4132
5
4133
10
4134
61
4135
15
4136
24
4137
5
4138
56
4139
15
4140
24
4141
5
4142
23
4143
10
4144
61
4145
62
4146
57
4147
3
4148
57
4149
62
4150
57
4151
3
4152
59
4153
63
4154
0
4155
0
4156
6
4157
5
4158
1
4159
1
4160
59
4161
0
4162
0
4163
0
4164
10
4165
57
4166
62
4167
57
4168
3
4169
7
4170
38
4171
0
4172
1
4173
29
4174
62
4175
57
4176
3
4177
1
4178
52
4179
0
4180
1
4181
7
4182
30
4183
16
4184
1
4185
7
4186
48
4187
0
4188
1
4189
10
4190
59
4191
61
4192
0
4193
0
4194
7
4195
38
4196
0
4197
1
4198
10
4199
59
4200
62
4201
0
4202
0
4203
7
4204
38
4205
0
4206
1
4207
10
4208
22
4209
10
4210
61
4211
62
4212
57
4213
3
4214
7
4215
16
4216
0
4217
1
4218
63
4219
59
4220
57
4221
3
4222
7
4223
38
4224
0
4225
1
4226
58
4227
59
4228
57
4229
3
4230
59
4231
61
4232
0
4233
0
4234
5
4235
30
4236
2
4237
1
4238
58
4239
59
4240
57
4241
3
4242
62
4243
62
4244
57
4245
3
4246
29
4247
62
4248
57
4249
3
4250
1
4251
54
4252
1
4253
1
4254
59
4255
63
4256
0
4257
0
4258
62
4259
62
4260
57
4261
3
4262
58
4263
59
4264
57
4265
3
4266
10
4267
61
4268
50
4269
57
4270
3
4271
24
4272
61
4273
47
4274
57
4275
3
4276
57
4277
47
4278
57
4279
3
4280
57
4281
50
4282
57
4283
3
4284
5
4285
5
4286
3
4287
1
4288
59
4289
1
4290
0
4291
0
4292
10
4293
57
4294
47
4295
57
4296
3
4297
59
4298
63
4299
0
4300
0
4301
6
4302
22
4303
3
4304
1
4305
59
4306
0
4307
0
4308
0
4309
10
4310
29
4311
47
4312
57
4313
3
4314
29
4315
50
4316
57
4317
3
4318
1
4319
52
4320
2
4321
1
4322
61
4323
53
4324
57
4325
3
4326
26
4327
61
4328
50
4329
57
4330
3
4331
26
4332
61
4333
47
4334
57
4335
3
4336
59
4337
0
4338
0
4339
0
4340
56
4341
53
4342
57
4343
3
4344
4
4345
1
4346
4
4347
1
4348
59
4349
0
4350
0
4351
0
4352
10
4353
57
4354
47
4355
57
4356
3
4357
57
4358
50
4359
57
4360
3
4361
5
4362
18
4363
4
4364
1
4365
59
4366
1
4367
0
4368
0
4369
10
4370
57
4371
47
4372
57
4373
3
4374
59
4375
63
4376
0
4377
0
4378
6
4379
35
4380
4
4381
1
4382
59
4383
0
4384
0
4385
0
4386
10
4387
29
4388
47
4389
57
4390
3
4391
29
4392
50
4393
57
4394
3
4395
30
4396
53
4397
57
4398
3
4399
1
4400
48
4401
3
4402
1
4403
61
4404
50
4405
57
4406
3
4407
24
4408
61
4409
47
4410
57
4411
3
4412
57
4413
47
4414
57
4415
3
4416
62
4417
50
4418
57
4419
3
4420
61
4421
53
4422
57
4423
3
4424
29
4425
47
4426
57
4427
3
4428
29
4429
50
4430
57
4431
3
4432
56
4433
53
4434
57
4435
3
4436
59
4437
63
4438
0
4439
0
4440
6
4441
60
4442
4
4443
1
4444
10
4445
61
4446
53
4447
57
4448
3
4449
26
4450
61
4451
50
4452
57
4453
3
4454
26
4455
61
4456
47
4457
57
4458
3
4459
59
4460
0
4461
0
4462
0
4463
56
4464
53
4465
57
4466
3
4467
4
4468
0
4469
6
4470
1
4471
59
4472
63
4473
0
4474
0
4475
62
4476
50
4477
57
4478
3
4479
10
4480
57
4481
47
4482
57
4483
3
4484
62
4485
50
4486
57
4487
3
4488
61
4489
56
4490
57
4491
3
4492
29
4493
47
4494
57
4495
3
4496
29
4497
50
4498
57
4499
3
4500
30
4501
53
4502
57
4503
3
4504
56
4505
56
4506
57
4507
3
4508
59
4509
63
4510
0
4511
0
4512
6
4513
43
4514
5
4515
1
4516
10
4517
61
4518
50
4519
57
4520
3
4521
24
4522
61
4523
47
4524
57
4525
3
4526
57
4527
50
4528
57
4529
3
4530
59
4531
63
4532
0
4533
0
4534
5
4535
2
4536
7
4537
1
4538
29
4539
50
4540
57
4541
3
4542
1
4543
46
4544
6
4545
1
4546
57
4547
47
4548
57
4549
3
4550
62
4551
50
4552
57
4553
3
4554
61
4555
53
4556
57
4557
3
4558
29
4559
47
4560
57
4561
3
4562
29
4563
50
4564
57
4565
3
4566
56
4567
53
4568
57
4569
3
4570
59
4571
63
4572
0
4573
0
4574
6
4575
2
4576
7
4577
1
4578
10
4579
61
4580
53
4581
57
4582
3
4583
26
4584
61
4585
50
4586
57
4587
3
4588
26
4589
61
4590
47
4591
57
4592
3
4593
57
4594
50
4595
57
4596
3
4597
59
4598
63
4599
0
4600
0
4601
5
4602
5
4603
8
4604
1
4605
29
4606
50
4607
57
4608
3
4609
1
4610
49
4611
7
4612
1
4613
59
4614
0
4615
0
4616
0
4617
56
4618
53
4619
57
4620
3
4621
4
4622
26
4623
8
4624
1
4625
59
4626
63
4627
0
4628
0
4629
62
4630
50
4631
57
4632
3
4633
10
4634
57
4635
47
4636
57
4637
3
4638
62
4639
50
4640
57
4641
3
4642
61
4643
56
4644
57
4645
3
4646
29
4647
47
4648
57
4649
3
4650
29
4651
50
4652
57
4653
3
4654
30
4655
53
4656
57
4657
3
4658
56
4659
56
4660
57
4661
3
4662
59
4663
63
4664
0
4665
0
4666
6
4667
5
4668
8
4669
1
4670
10
4671
61
4672
50
4673
57
4674
3
4675
24
4676
61
4677
47
4678
57
4679
3
4680
57
4681
47
4682
57
4683
3
4684
59
4685
63
4686
0
4687
0
4688
6
4689
25
4690
9
4691
1
4692
59
4693
0
4694
0
4695
0
4696
10
4697
56
4698
47
4699
57
4700
3
4701
61
4702
53
4703
57
4704
3
4705
56
4706
50
4707
57
4708
3
4709
61
4710
56
4711
57
4712
3
4713
57
4714
53
4715
57
4716
3
4717
57
4718
56
4719
57
4720
3
4721
5
4722
61
4723
9
4724
1
4725
29
4726
47
4727
57
4728
3
4729
1
4730
8
4731
9
4732
1
4733
29
4734
53
4735
57
4736
3
4737
29
4738
56
4739
57
4740
3
4741
57
4742
56
4743
57
4744
3
4745
59
4746
63
4747
0
4748
0
4749
6
4750
41
4751
9
4752
1
4753
56
4754
47
4755
57
4756
3
4757
10
4758
61
4759
47
4760
57
4761
3
4762
59
4763
0
4764
0
4765
0
4766
61
4767
50
4768
57
4769
3
4770
57
4771
47
4772
57
4773
3
4774
59
4775
63
4776
0
4777
0
4778
6
4779
51
4780
10
4781
1
4782
56
4783
50
4784
57
4785
3
4786
10
4787
29
4788
47
4789
57
4790
3
4791
29
4792
50
4793
57
4794
3
4795
1
4796
34
4797
10
4798
1
4799
61
4800
50
4801
57
4802
3
4803
24
4804
61
4805
47
4806
57
4807
3
4808
59
4809
1
4810
0
4811
0
4812
61
4813
53
4814
57
4815
3
4816
59
4817
0
4818
0
4819
0
4820
61
4821
56
4822
57
4823
3
4824
57
4825
47
4826
57
4827
3
4828
59
4829
11
4830
0
4831
0
4832
6
4833
40
4834
11
4835
1
4836
29
4837
47
4838
57
4839
3
4840
57
4841
47
4842
57
4843
3
4844
59
4845
13
4846
0
4847
0
4848
6
4849
0
4850
12
4851
1
4852
29
4853
47
4854
57
4855
3
4856
59
4857
63
4858
63
4859
63
4860
61
4861
53
4862
57
4863
3
4864
59
4865
0
4866
0
4867
0
4868
61
4869
59
4870
57
4871
3
4872
56
4873
59
4874
57
4875
3
4876
56
4877
50
4878
57
4879
3
4880
4
4881
30
4882
12
4883
1
4884
56
4885
53
4886
57
4887
3
4888
56
4889
56
4890
57
4891
3
4892
13
4893
10
4894
42
4895
20
4896
41
4897
3
4898
59
4899
57
4900
3
4901
57
4902
47
4903
57
4904
3
4905
5
4906
53
4907
12
4908
1
4909
29
4910
59
4911
57
4912
3
4913
1
4914
8
4915
12
4916
1
4917
56
4918
56
4919
57
4920
3
4921
56
4922
50
4923
57
4924
3
4925
15
4926
56
4927
59
4928
57
4929
3
4930
11
4931
61
4932
56
4933
57
4934
3
4935
29
4936
47
4937
57
4938
3
4939
1
4940
0
4941
12
4942
1
4943
61
4944
50
4945
57
4946
3
4947
24
4948
61
4949
47
4950
57
4951
3
4952
56
4953
47
4954
57
4955
3
4956
59
4957
0
4958
0
4959
0
4960
6
4961
53
4962
13
4963
1
4964
59
4965
37
4966
41
4967
3
4968
59
4969
35
4970
56
4971
3
4972
7
4973
51
4974
4
4975
1
4976
59
4977
35
4978
56
4979
3
4980
10
4981
59
4982
35
4983
56
4984
3
4985
61
4986
53
4987
57
4988
3
4989
59
4990
1
4991
0
4992
0
4993
61
4994
56
4995
57
4996
3
4997
56
4998
47
4999
57
5000
3
5001
61
5002
59
5003
57
5004
3
5005
56
5006
59
5007
57
5008
3
5009
56
5010
50
5011
57
5012
3
5013
4
5014
55
5015
14
5016
1
5017
56
5018
59
5019
57
5020
3
5021
56
5022
50
5023
57
5024
3
5025
16
5026
61
5027
59
5028
57
5029
3
5030
56
5031
56
5032
57
5033
3
5034
56
5035
50
5036
57
5037
3
5038
15
5039
61
5040
56
5041
57
5042
3
5043
1
5044
13
5045
14
5046
1
5047
56
5048
47
5049
57
5050
3
5051
56
5052
56
5053
57
5054
3
5055
16
5056
61
5057
59
5058
57
5059
3
5060
56
5061
56
5062
57
5063
3
5064
56
5065
59
5066
57
5067
3
5068
15
5069
56
5070
47
5071
57
5072
3
5073
24
5074
12
5075
61
5076
47
5077
57
5078
3
5079
42
5080
39
5081
41
5082
3
5083
59
5084
57
5085
3
5086
62
5087
53
5088
57
5089
3
5090
29
5091
53
5092
57
5093
3
5094
56
5095
56
5096
57
5097
3
5098
56
5099
50
5100
57
5101
3
5102
16
5103
61
5104
56
5105
57
5106
3
5107
56
5108
56
5109
57
5110
3
5111
59
5112
0
5113
0
5114
0
5115
6
5116
55
5117
14
5118
1
5119
59
5120
63
5121
0
5122
0
5123
62
5124
53
5125
57
5126
3
5127
59
5128
35
5129
56
5130
3
5131
10
5132
59
5133
2
5134
0
5135
0
5136
7
5137
15
5138
13
5139
1
5140
10
5141
59
5142
8
5143
0
5144
0
5145
7
5146
15
5147
13
5148
1
5149
10
5150
61
5151
47
5152
57
5153
3
5154
56
5155
47
5156
57
5157
3
5158
59
5159
0
5160
0
5161
0
5162
4
5163
59
5164
16
5165
1
5166
56
5167
47
5168
57
5169
3
5170
59
5171
10
5172
0
5173
0
5174
7
5175
15
5176
13
5177
1
5178
10
5179
56
5180
47
5181
57
5182
3
5183
20
5184
59
5185
10
5186
0
5187
0
5188
7
5189
15
5190
13
5191
1
5192
59
5193
13
5194
0
5195
0
5196
63
5197
34
5198
56
5199
3
5200
59
5201
34
5202
56
5203
3
5204
10
5205
59
5206
16
5207
0
5208
0
5209
7
5210
15
5211
13
5212
1
5213
10
5214
61
5215
10
5216
58
5217
3
5218
10
5219
56
5220
10
5221
58
5222
3
5223
59
5224
3
5225
0
5226
0
5227
11
5228
61
5229
10
5230
58
5231
3
5232
47
5233
10
5234
58
5235
3
5236
63
5237
63
5238
63
5239
10
5240
61
5241
47
5242
57
5243
3
5244
56
5245
47
5246
57
5247
3
5248
59
5249
0
5250
0
5251
0
5252
4
5253
13
5254
18
5255
1
5256
56
5257
47
5258
57
5259
3
5260
10
5261
59
5262
0
5263
0
5264
0
5265
56
5266
47
5267
57
5268
3
5269
12
5270
10
5271
0
5272
0
5273
0
5274
1
5275
0
5276
0
5277
0
5278
0
5279
0
5280
0
5281
0
5282
32
5283
56
5284
41
5285
3
5286
40
5287
34
5288
2
5289
60
5290
41
5291
3
5292
33
5293
9
5294
2
5295
63
5296
41
5297
3
5298
6
5299
20
5300
2
5301
3
5302
42
5303
3
5304
59
5305
16
5306
2
5307
8
5308
42
5309
3
5310
33
5311
23
5312
2
5313
13
5314
42
5315
3
5316
28
5317
14
5318
2
5319
19
5320
42
5321
3
5322
26
5323
13
5324
2
5325
26
5326
42
5327
3
5328
61
5329
29
5330
2
5331
32
5332
42
5333
3
5334
62
5335
24
5336
2
5337
38
5338
42
5339
3
5340
12
5341
9
5342
2
5343
44
5344
42
5345
3
5346
10
5347
42
5348
2
5349
48
5350
42
5351
3
5352
5
5353
42
5354
2
5355
52
5356
42
5357
3
5358
27
5359
38
5360
2
5361
57
5362
42
5363
3
5364
40
5365
34
5366
2
5367
61
5368
42
5369
3
5370
10
5371
34
5372
2
5373
2
5374
43
5375
3
5376
23
5377
34
5378
2
5379
7
5380
43
5381
3
5382
36
5383
42
5384
2
5385
12
5386
43
5387
3
5388
23
5389
42
5390
2
5391
0
5392
0
5393
0
5394
0
5395
0
5396
0
5397
17
5398
43
5399
3
5400
21
5401
54
5402
2
5403
21
5404
43
5405
3
5406
3
5407
61
5408
2
5409
25
5410
43
5411
3
5412
26
5413
53
5414
2
5415
30
5416
43
5417
3
5418
10
5419
50
5420
2
5421
34
5422
43
5423
3
5424
2
5425
47
5426
2
5427
39
5428
43
5429
3
5430
56
5431
44
5432
2
5433
45
5434
43
5435
3
5436
55
5437
50
5438
2
5439
52
5440
43
5441
3
5442
23
5443
55
5444
2
5445
59
5446
43
5447
3
5448
6
5449
57
5450
2
5451
2
5452
44
5453
3
5454
11
5455
44
5456
2
5457
7
5458
44
5459
3
5460
32
5461
62
5462
2
5463
12
5464
44
5465
3
5466
9
5467
63
5468
2
5469
17
5470
44
5471
3
5472
50
5473
63
5474
2
5475
22
5476
44
5477
3
5478
30
5479
43
5480
2
5481
26
5482
44
5483
3
5484
49
5485
42
5486
2
5487
30
5488
44
5489
3
5490
39
5491
57
5492
2
5493
0
5494
0
5495
0
5496
0
5497
0
5498
0
5499
59
5500
48
5501
40
5502
5
5503
61
5504
63
5505
9
5506
15
5507
10
5508
61
5509
33
5510
24
5511
5
5512
26
5513
61
5514
30
5515
24
5516
5
5517
59
5518
63
5519
63
5520
63
5521
61
5522
1
5523
23
5524
15
5525
59
5526
48
5527
40
5528
5
5529
61
5530
12
5531
24
5532
15
5533
56
5534
12
5535
24
5536
15
5537
56
5538
63
5539
9
5540
15
5541
3
5542
36
5543
24
5544
1
5545
56
5546
12
5547
24
5548
15
5549
36
5550
3
5551
0
5552
0
5553
61
5554
53
5555
22
5556
15
5557
56
5558
33
5559
24
5560
5
5561
59
5562
1
5563
0
5564
0
5565
6
5566
13
5567
23
5568
1
5569
56
5570
53
5571
22
5572
15
5573
56
5574
30
5575
24
5576
5
5577
5
5578
22
5579
24
5580
1
5581
56
5582
33
5583
24
5584
5
5585
59
5586
1
5587
0
5588
0
5589
5
5590
49
5591
23
5592
1
5593
56
5594
53
5595
22
5596
15
5597
56
5598
30
5599
24
5600
5
5601
4
5602
49
5603
23
5604
1
5605
56
5606
1
5607
23
5608
15
5609
56
5610
30
5611
24
5612
5
5613
4
5614
22
5615
24
5616
1
5617
56
5618
53
5619
22
5620
15
5621
61
5622
1
5623
23
5624
15
5625
56
5626
12
5627
24
5628
15
5629
36
5630
0
5631
0
5632
0
5633
61
5634
36
5635
24
5636
15
5637
56
5638
36
5639
24
5640
15
5641
56
5642
12
5643
24
5644
15
5645
11
5646
61
5647
12
5648
24
5649
15
5650
1
5651
29
5652
22
5653
1
5654
56
5655
53
5656
22
5657
15
5658
56
5659
30
5660
24
5661
5
5662
12
5663
56
5664
12
5665
24
5666
15
5667
10
5668
59
5669
0
5670
0
5671
0
5672
59
5673
0
5674
0
5675
0
5676
10
5677
61
5678
2
5679
10
5680
15
5681
7
5682
25
5683
34
5684
3
5685
56
5686
2
5687
10
5688
15
5689
38
5690
6
5691
0
5692
0
5693
61
5694
8
5695
22
5696
15
5697
7
5698
51
5699
31
5700
1
5701
56
5702
2
5703
10
5704
15
5705
56
5706
8
5707
22
5708
15
5709
7
5710
18
5711
25
5712
1
5713
10
5714
61
5715
8
5716
22
5717
15
5718
26
5719
61
5720
2
5721
10
5722
15
5723
59
5724
0
5725
0
5726
0
5727
61
5728
24
5729
36
5730
15
5731
56
5732
2
5733
10
5734
15
5735
59
5736
0
5737
0
5738
0
5739
6
5740
55
5741
25
5742
1
5743
59
5744
36
5745
44
5746
3
5747
7
5748
10
5749
30
5750
1
5751
56
5752
38
5753
22
5754
15
5755
59
5756
0
5757
0
5758
0
5759
5
5760
35
5761
26
5762
1
5763
59
5764
0
5765
0
5766
0
5767
61
5768
38
5769
22
5770
15
5771
56
5772
2
5773
10
5774
15
5775
61
5776
5
5777
10
5778
15
5779
56
5780
8
5781
22
5782
15
5783
61
5784
11
5785
22
5786
15
5787
59
5788
51
5789
44
5790
3
5791
7
5792
10
5793
30
5794
1
5795
56
5796
14
5797
22
5798
15
5799
59
5800
2
5801
0
5802
0
5803
6
5804
38
5805
27
5806
1
5807
56
5808
17
5809
22
5810
15
5811
59
5812
6
5813
0
5814
0
5815
13
5816
61
5817
36
5818
24
5819
5
5820
7
5821
51
5822
31
5823
1
5824
59
5825
35
5826
18
5827
1
5828
56
5829
36
5830
24
5831
5
5832
11
5833
33
5834
3
5835
0
5836
0
5837
61
5838
24
5839
36
5840
15
5841
56
5842
24
5843
36
5844
15
5845
59
5846
1
5847
0
5848
0
5849
5
5850
34
5851
27
5852
1
5853
56
5854
24
5855
36
5856
15
5857
10
5858
1
5859
55
5860
25
5861
1
5862
56
5863
14
5864
22
5865
15
5866
59
5867
1
5868
0
5869
0
5870
6
5871
58
5872
27
5873
1
5874
7
5875
38
5876
35
5877
2
5878
1
5879
55
5880
25
5881
1
5882
56
5883
14
5884
22
5885
15
5886
59
5887
8
5888
0
5889
0
5890
6
5891
25
5892
29
5893
1
5894
56
5895
2
5896
10
5897
15
5898
36
5899
0
5900
0
5901
0
5902
56
5903
2
5904
10
5905
15
5906
11
5907
61
5908
2
5909
10
5910
15
5911
56
5912
2
5913
10
5914
15
5915
56
5916
63
5917
9
5918
15
5919
4
5920
40
5921
28
5922
1
5923
59
5924
2
5925
0
5926
0
5927
10
5928
56
5929
2
5930
10
5931
15
5932
36
5933
0
5934
0
5935
0
5936
61
5937
24
5938
24
5939
15
5940
59
5941
0
5942
0
5943
0
5944
56
5945
24
5946
24
5947
15
5948
4
5949
5
5950
29
5951
1
5952
59
5953
2
5954
0
5955
0
5956
10
5957
56
5958
2
5959
10
5960
15
5961
38
5962
6
5963
0
5964
0
5965
61
5966
8
5967
22
5968
15
5969
7
5970
51
5971
31
5972
1
5973
1
5974
55
5975
25
5976
1
5977
56
5978
14
5979
22
5980
15
5981
59
5982
5
5983
0
5984
0
5985
6
5986
1
5987
30
5988
1
5989
58
5990
8
5991
14
5992
15
5993
59
5994
26
5995
0
5996
0
5997
6
5998
57
5999
29
6000
1
6001
7
6002
51
6003
31
6004
1
6005
1
6006
55
6007
25
6008
1
6009
59
6010
57
6011
44
6012
3
6013
7
6014
10
6015
30
6016
1
6017
59
6018
6
6019
45
6020
3
6021
7
6022
10
6023
30
6024
1
6025
10
6026
61
6027
39
6028
24
6029
5
6030
56
6031
60
6032
9
6033
15
6034
61
6035
47
6036
63
6037
63
6038
56
6039
2
6040
10
6041
15
6042
36
6043
3
6044
0
6045
0
6046
61
6047
24
6048
24
6049
15
6050
59
6051
0
6052
0
6053
0
6054
56
6055
24
6056
24
6057
15
6058
4
6059
62
6060
30
6061
1
6062
56
6063
39
6064
24
6065
5
6066
7
6067
48
6068
0
6069
1
6070
7
6071
30
6072
1
6073
1
6074
1
6075
28
6076
35
6077
3
6078
59
6079
19
6080
45
6081
3
6082
7
6083
48
6084
0
6085
1
6086
56
6087
24
6088
24
6089
15
6090
7
6091
21
6092
1
6093
1
6094
59
6095
25
6096
45
6097
3
6098
7
6099
48
6100
0
6101
1
6102
56
6103
39
6104
24
6105
5
6106
7
6107
48
6108
0
6109
1
6110
7
6111
30
6112
1
6113
1
6114
56
6115
26
6116
22
6117
15
6118
59
6119
1
6120
0
6121
0
6122
6
6123
47
6124
31
6125
1
6126
10
6127
1
6128
28
6129
35
6130
3
6131
59
6132
63
6133
0
6134
0
6135
63
6136
8
6137
14
6138
15
6139
59
6140
0
6141
0
6142
0
6143
61
6144
53
6145
22
6146
15
6147
59
6148
0
6149
0
6150
0
6151
57
6152
8
6153
22
6154
15
6155
3
6156
27
6157
32
6158
1
6159
57
6160
8
6161
22
6162
15
6163
59
6164
63
6165
0
6166
0
6167
4
6168
56
6169
32
6170
1
6171
57
6172
8
6173
22
6174
15
6175
59
6176
63
6177
0
6178
0
6179
6
6180
48
6181
32
6182
1
6183
59
6184
8
6185
0
6186
0
6187
61
6188
14
6189
22
6190
15
6191
10
6192
29
6193
8
6194
22
6195
15
6196
1
6197
3
6198
32
6199
1
6200
57
6201
8
6202
22
6203
15
6204
59
6205
7
6206
0
6207
0
6208
6
6209
13
6210
33
6211
1
6212
59
6213
8
6214
0
6215
0
6216
61
6217
14
6218
22
6219
15
6220
10
6221
57
6222
8
6223
22
6224
15
6225
59
6226
2
6227
0
6228
0
6229
6
6230
44
6231
34
6232
1
6233
59
6234
6
6235
0
6236
0
6237
61
6238
14
6239
22
6240
15
6241
29
6242
8
6243
22
6244
15
6245
57
6246
8
6247
22
6248
15
6249
59
6250
63
6251
0
6252
0
6253
6
6254
57
6255
33
6256
1
6257
59
6258
29
6259
45
6260
3
6261
7
6262
10
6263
30
6264
1
6265
57
6266
8
6267
22
6268
15
6269
59
6270
2
6271
0
6272
0
6273
5
6274
28
6275
34
6276
1
6277
57
6278
8
6279
22
6280
15
6281
46
6282
8
6283
14
6284
15
6285
53
6286
22
6287
15
6288
29
6289
8
6290
22
6291
15
6292
29
6293
53
6294
22
6295
15
6296
1
6297
37
6298
33
6299
1
6300
29
6301
8
6302
22
6303
15
6304
59
6305
63
6306
0
6307
0
6308
46
6309
8
6310
14
6311
15
6312
53
6313
22
6314
15
6315
10
6316
57
6317
8
6318
22
6319
15
6320
7
6321
7
6322
47
6323
1
6324
61
6325
24
6326
24
6327
15
6328
56
6329
24
6330
24
6331
15
6332
59
6333
0
6334
0
6335
0
6336
5
6337
0
6338
40
6339
1
6340
57
6341
8
6342
22
6343
15
6344
7
6345
57
6346
47
6347
1
6348
61
6349
24
6350
24
6351
15
6352
56
6353
24
6354
24
6355
15
6356
59
6357
1
6358
0
6359
0
6360
6
6361
51
6362
35
6363
1
6364
57
6365
8
6366
22
6367
15
6368
46
6369
8
6370
14
6371
15
6372
53
6373
22
6374
15
6375
29
6376
8
6377
22
6378
15
6379
29
6380
53
6381
22
6382
15
6383
1
6384
4
6385
35
6386
1
6387
59
6388
63
6389
0
6390
0
6391
46
6392
8
6393
14
6394
15
6395
53
6396
22
6397
15
6398
59
6399
8
6400
14
6401
15
6402
59
6403
42
6404
45
6405
3
6406
7
6407
43
6408
2
6409
1
6410
61
6411
24
6412
24
6413
15
6414
56
6415
24
6416
24
6417
15
6418
59
6419
0
6420
0
6421
0
6422
6
6423
35
6424
36
6425
1
6426
59
6427
8
6428
0
6429
0
6430
61
6431
14
6432
22
6433
15
6434
10
6435
59
6436
35
6437
18
6438
1
6439
61
6440
12
6441
24
6442
15
6443
59
6444
0
6445
0
6446
0
6447
61
6448
53
6449
22
6450
15
6451
56
6452
12
6453
24
6454
15
6455
36
6456
0
6457
0
6458
0
6459
61
6460
15
6461
24
6462
15
6463
56
6464
15
6465
24
6466
15
6467
59
6468
0
6469
0
6470
0
6471
5
6472
13
6473
38
6474
1
6475
59
6476
8
6477
14
6478
15
6479
56
6480
15
6481
24
6482
15
6483
7
6484
43
6485
2
6486
1
6487
61
6488
24
6489
24
6490
15
6491
56
6492
24
6493
24
6494
15
6495
59
6496
0
6497
0
6498
0
6499
6
6500
56
6501
37
6502
1
6503
59
6504
2
6505
0
6506
0
6507
61
6508
14
6509
22
6510
15
6511
56
6512
53
6513
22
6514
15
6515
61
6516
17
6517
22
6518
15
6519
10
6520
56
6521
12
6522
24
6523
15
6524
59
6525
6
6526
0
6527
0
6528
11
6529
61
6530
12
6531
24
6532
15
6533
29
6534
53
6535
22
6536
15
6537
1
6538
51
6539
36
6540
1
6541
59
6542
21
6543
20
6544
1
6545
61
6546
12
6547
24
6548
15
6549
59
6550
0
6551
0
6552
0
6553
61
6554
53
6555
22
6556
15
6557
56
6558
12
6559
24
6560
15
6561
36
6562
0
6563
0
6564
0
6565
61
6566
15
6567
24
6568
15
6569
56
6570
15
6571
24
6572
15
6573
59
6574
0
6575
0
6576
0
6577
5
6578
55
6579
39
6580
1
6581
59
6582
8
6583
14
6584
15
6585
56
6586
15
6587
24
6588
15
6589
7
6590
43
6591
2
6592
1
6593
61
6594
24
6595
24
6596
15
6597
56
6598
24
6599
24
6600
15
6601
59
6602
0
6603
0
6604
0
6605
6
6606
34
6607
39
6608
1
6609
59
6610
3
6611
0
6612
0
6613
61
6614
14
6615
22
6616
15
6617
56
6618
53
6619
22
6620
15
6621
61
6622
17
6623
22
6624
15
6625
10
6626
56
6627
12
6628
24
6629
15
6630
59
6631
6
6632
0
6633
0
6634
11
6635
61
6636
12
6637
24
6638
15
6639
29
6640
53
6641
22
6642
15
6643
1
6644
29
6645
38
6646
1
6647
59
6648
1
6649
0
6650
0
6651
61
6652
14
6653
22
6654
15
6655
10
6656
57
6657
8
6658
22
6659
15
6660
61
6661
3
6662
24
6663
15
6664
56
6665
3
6666
24
6667
15
6668
59
6669
16
6670
0
6671
0
6672
4
6673
2
6674
42
6675
1
6676
59
6677
25
6678
0
6679
0
6680
56
6681
3
6682
24
6683
15
6684
4
6685
2
6686
42
6687
1
6688
59
6689
4
6690
0
6691
0
6692
61
6693
14
6694
22
6695
15
6696
59
6697
0
6698
0
6699
0
6700
61
6701
53
6702
22
6703
15
6704
61
6705
20
6706
22
6707
15
6708
56
6709
20
6710
22
6711
15
6712
59
6713
10
6714
0
6715
0
6716
13
6717
57
6718
8
6719
22
6720
15
6721
11
6722
59
6723
16
6724
0
6725
0
6726
12
6727
61
6728
20
6729
22
6730
15
6731
57
6732
8
6733
22
6734
15
6735
46
6736
8
6737
14
6738
15
6739
53
6740
22
6741
15
6742
29
6743
8
6744
22
6745
15
6746
29
6747
53
6748
22
6749
15
6750
57
6751
8
6752
22
6753
15
6754
59
6755
16
6756
0
6757
0
6758
4
6759
54
6760
41
6761
1
6762
59
6763
25
6764
0
6765
0
6766
57
6767
8
6768
22
6769
15
6770
3
6771
52
6772
40
6773
1
6774
59
6775
63
6776
0
6777
0
6778
46
6779
8
6780
14
6781
15
6782
53
6783
22
6784
15
6785
10
6786
59
6787
5
6788
0
6789
0
6790
61
6791
14
6792
22
6793
15
6794
56
6795
3
6796
24
6797
15
6798
46
6799
8
6800
14
6801
15
6802
53
6803
22
6804
15
6805
29
6806
53
6807
22
6808
15
6809
29
6810
8
6811
22
6812
15
6813
57
6814
8
6815
22
6816
15
6817
61
6818
0
6819
24
6820
15
6821
56
6822
3
6823
24
6824
15
6825
59
6826
29
6827
0
6828
0
6829
6
6830
55
6831
43
6832
1
6833
56
6834
0
6835
24
6836
15
6837
59
6838
28
6839
0
6840
0
6841
6
6842
20
6843
43
6844
1
6845
56
6846
0
6847
24
6848
15
6849
46
6850
8
6851
14
6852
15
6853
53
6854
22
6855
15
6856
29
6857
53
6858
22
6859
15
6860
29
6861
8
6862
22
6863
15
6864
1
6865
52
6866
45
6867
1
6868
56
6869
0
6870
24
6871
15
6872
59
6873
30
6874
0
6875
0
6876
6
6877
55
6878
43
6879
1
6880
56
6881
0
6882
24
6883
15
6884
46
6885
8
6886
14
6887
15
6888
53
6889
22
6890
15
6891
29
6892
53
6893
22
6894
15
6895
29
6896
8
6897
22
6898
15
6899
1
6900
52
6901
45
6902
1
6903
56
6904
3
6905
24
6906
15
6907
59
6908
28
6909
0
6910
0
6911
6
6912
9
6913
45
6914
1
6915
56
6916
0
6917
24
6918
15
6919
59
6920
29
6921
0
6922
0
6923
6
6924
38
6925
44
6926
1
6927
56
6928
0
6929
24
6930
15
6931
46
6932
8
6933
14
6934
15
6935
53
6936
22
6937
15
6938
29
6939
53
6940
22
6941
15
6942
29
6943
8
6944
22
6945
15
6946
1
6947
52
6948
45
6949
1
6950
56
6951
0
6952
24
6953
15
6954
59
6955
30
6956
0
6957
0
6958
6
6959
9
6960
45
6961
1
6962
56
6963
0
6964
24
6965
15
6966
46
6967
8
6968
14
6969
15
6970
53
6971
22
6972
15
6973
29
6974
53
6975
22
6976
15
6977
29
6978
8
6979
22
6980
15
6981
1
6982
52
6983
45
6984
1
6985
56
6986
3
6987
24
6988
15
6989
59
6990
30
6991
0
6992
0
6993
6
6994
52
6995
45
6996
1
6997
56
6998
0
6999
24
7000
15
7001
59
7002
29
7003
0
7004
0
7005
6
7006
52
7007
45
7008
1
7009
56
7010
0
7011
24
7012
15
7013
46
7014
8
7015
14
7016
15
7017
53
7018
22
7019
15
7020
29
7021
53
7022
22
7023
15
7024
29
7025
8
7026
22
7027
15
7028
59
7029
63
7030
0
7031
0
7032
46
7033
8
7034
14
7035
15
7036
53
7037
22
7038
15
7039
10
7040
61
7041
42
7042
24
7043
5
7044
59
7045
8
7046
14
7047
15
7048
56
7049
42
7050
24
7051
5
7052
7
7053
43
7054
2
7055
1
7056
61
7057
24
7058
24
7059
15
7060
56
7061
24
7062
24
7063
15
7064
59
7065
0
7066
0
7067
0
7068
5
7069
40
7070
46
7071
1
7072
59
7073
47
7074
45
7075
3
7076
7
7077
10
7078
30
7079
1
7080
7
7081
51
7082
31
7083
1
7084
10
7085
61
7086
45
7087
24
7088
5
7089
56
7090
45
7091
24
7092
5
7093
59
7094
0
7095
0
7096
0
7097
6
7098
2
7099
47
7100
1
7101
59
7102
1
7103
0
7104
0
7105
10
7106
59
7107
0
7108
0
7109
0
7110
10
7111
61
7112
45
7113
24
7114
5
7115
56
7116
45
7117
24
7118
5
7119
59
7120
32
7121
0
7122
0
7123
5
7124
52
7125
47
7126
1
7127
56
7128
45
7129
24
7130
5
7131
59
7132
33
7133
0
7134
0
7135
4
7136
47
7137
47
7138
1
7139
59
7140
58
7141
0
7142
0
7143
56
7144
45
7145
24
7146
5
7147
3
7148
52
7149
47
7150
1
7151
59
7152
0
7153
0
7154
0
7155
10
7156
59
7157
1
7158
0
7159
0
7160
10
7161
61
7162
45
7163
24
7164
5
7165
56
7166
45
7167
24
7168
5
7169
59
7170
32
7171
0
7172
0
7173
5
7174
10
7175
49
7176
1
7177
56
7178
45
7179
24
7180
5
7181
59
7182
33
7183
0
7184
0
7185
4
7186
33
7187
48
7188
1
7189
59
7190
58
7191
0
7192
0
7193
56
7194
45
7195
24
7196
5
7197
3
7198
10
7199
49
7200
1
7201
56
7202
45
7203
24
7204
5
7205
59
7206
16
7207
0
7208
0
7209
4
7210
57
7211
48
7212
1
7213
59
7214
25
7215
0
7216
0
7217
56
7218
45
7219
24
7220
5
7221
3
7222
10
7223
49
7224
1
7225
56
7226
45
7227
24
7228
5
7229
59
7230
4
7231
0
7232
0
7233
5
7234
10
7235
49
7236
1
7237
59
7238
0
7239
0
7240
0
7241
10
7242
59
7243
1
7244
0
7245
0
7246
10
7247
61
7248
45
7249
24
7250
5
7251
56
7252
45
7253
24
7254
5
7255
59
7256
16
7257
0
7258
0
7259
3
7260
36
7261
49
7262
1
7263
59
7264
0
7265
0
7266
0
7267
10
7268
59
7269
25
7270
0
7271
0
7272
56
7273
45
7274
24
7275
5
7276
3
7277
53
7278
49
7279
1
7280
59
7281
0
7282
0
7283
0
7284
10
7285
59
7286
1
7287
0
7288
0
7289
10
7290
59
7291
24
7292
32
7293
15
7294
7
7295
22
7296
10
7297
1
7298
59
7299
7
7300
0
7301
0
7302
11
7303
61
7304
48
7305
24
7306
15
7307
59
7308
48
7309
40
7310
5
7311
56
7312
63
7313
9
7314
15
7315
4
7316
25
7317
51
7318
1
7319
56
7320
48
7321
24
7322
15
7323
59
7324
48
7325
40
7326
5
7327
34
7328
0
7329
0
7330
0
7331
56
7332
27
7333
36
7334
15
7335
59
7336
48
7337
40
7338
5
7339
34
7340
3
7341
0
7342
0
7343
59
7344
24
7345
32
7346
15
7347
59
7348
48
7349
40
7350
5
7351
38
7352
6
7353
0
7354
0
7355
7
7356
51
7357
4
7358
1
7359
59
7360
48
7361
40
7362
5
7363
56
7364
48
7365
24
7366
15
7367
11
7368
61
7369
63
7370
9
7371
15
7372
59
7373
63
7374
63
7375
63
7376
56
7377
63
7378
9
7379
15
7380
34
7381
0
7382
0
7383
0
7384
10
7385
56
7386
27
7387
36
7388
15
7389
59
7390
0
7391
0
7392
0
7393
7
7394
4
7395
22
7396
1
7397
61
7398
45
7399
24
7400
15
7401
26
7402
61
7403
24
7404
24
7405
15
7406
56
7407
45
7408
24
7409
15
7410
59
7411
0
7412
0
7413
0
7414
5
7415
21
7416
56
7417
1
7418
56
7419
24
7420
24
7421
15
7422
59
7423
0
7424
0
7425
0
7426
6
7427
23
7428
57
7429
1
7430
56
7431
45
7432
24
7433
15
7434
36
7435
0
7436
0
7437
0
7438
56
7439
48
7440
24
7441
15
7442
12
7443
61
7444
51
7445
24
7446
15
7447
56
7448
48
7449
24
7450
15
7451
56
7452
45
7453
24
7454
15
7455
34
7456
0
7457
0
7458
0
7459
56
7460
45
7461
24
7462
15
7463
56
7464
48
7465
24
7466
15
7467
11
7468
61
7469
24
7470
24
7471
15
7472
56
7473
63
7474
9
7475
15
7476
56
7477
51
7478
24
7479
15
7480
12
7481
61
7482
63
7483
9
7484
15
7485
56
7486
51
7487
24
7488
15
7489
59
7490
0
7491
0
7492
0
7493
4
7494
47
7495
54
7496
1
7497
56
7498
24
7499
24
7500
15
7501
61
7502
53
7503
22
7504
15
7505
56
7506
63
7507
9
7508
15
7509
61
7510
56
7511
22
7512
15
7513
59
7514
1
7515
0
7516
0
7517
61
7518
59
7519
22
7520
15
7521
59
7522
41
7523
53
7524
1
7525
61
7526
62
7527
22
7528
15
7529
41
7530
53
7531
22
7532
15
7533
51
7534
24
7535
15
7536
62
7537
53
7538
22
7539
15
7540
56
7541
53
7542
22
7543
15
7544
56
7545
56
7546
22
7547
15
7548
5
7549
18
7550
54
7551
1
7552
56
7553
53
7554
22
7555
15
7556
56
7557
59
7558
22
7559
15
7560
11
7561
61
7562
53
7563
22
7564
15
7565
56
7566
62
7567
22
7568
15
7569
2
7570
59
7571
24
7572
32
7573
15
7574
56
7575
45
7576
24
7577
15
7578
38
7579
6
7580
0
7581
0
7582
7
7583
51
7584
4
7585
1
7586
59
7587
63
7588
63
7589
63
7590
56
7591
63
7592
9
7593
15
7594
34
7595
0
7596
0
7597
0
7598
10
7599
56
7600
63
7601
9
7602
15
7603
61
7604
53
7605
22
7606
15
7607
56
7608
24
7609
24
7610
15
7611
61
7612
56
7613
22
7614
15
7615
59
7616
63
7617
63
7618
63
7619
61
7620
59
7621
22
7622
15
7623
59
7624
15
7625
55
7626
1
7627
61
7628
62
7629
22
7630
15
7631
41
7632
53
7633
22
7634
15
7635
51
7636
24
7637
15
7638
62
7639
53
7640
22
7641
15
7642
56
7643
53
7644
22
7645
15
7646
56
7647
56
7648
22
7649
15
7650
5
7651
56
7652
55
7653
1
7654
56
7655
53
7656
22
7657
15
7658
56
7659
59
7660
22
7661
15
7662
11
7663
61
7664
53
7665
22
7666
15
7667
56
7668
62
7669
22
7670
15
7671
2
7672
59
7673
24
7674
32
7675
15
7676
56
7677
45
7678
24
7679
15
7680
38
7681
6
7682
0
7683
0
7684
7
7685
51
7686
4
7687
1
7688
59
7689
63
7690
63
7691
63
7692
56
7693
63
7694
9
7695
15
7696
34
7697
0
7698
0
7699
0
7700
10
7701
56
7702
48
7703
24
7704
15
7705
56
7706
63
7707
9
7708
15
7709
34
7710
0
7711
0
7712
0
7713
56
7714
27
7715
36
7716
15
7717
56
7718
63
7719
9
7720
15
7721
34
7722
3
7723
0
7724
0
7725
59
7726
24
7727
32
7728
15
7729
56
7730
63
7731
9
7732
15
7733
38
7734
6
7735
0
7736
0
7737
7
7738
51
7739
4
7740
1
7741
56
7742
48
7743
24
7744
15
7745
56
7746
63
7747
9
7748
15
7749
11
7750
61
7751
63
7752
9
7753
15
7754
59
7755
63
7756
63
7757
63
7758
56
7759
63
7760
9
7761
15
7762
34
7763
0
7764
0
7765
0
7766
10
7767
56
7768
63
7769
9
7770
15
7771
61
7772
53
7773
22
7774
15
7775
56
7776
45
7777
24
7778
15
7779
61
7780
56
7781
22
7782
15
7783
59
7784
63
7785
63
7786
63
7787
61
7788
59
7789
22
7790
15
7791
59
7792
55
7793
57
7794
1
7795
61
7796
62
7797
22
7798
15
7799
57
7800
53
7801
22
7802
15
7803
45
7804
53
7805
22
7806
15
7807
48
7808
24
7809
15
7810
56
7811
53
7812
22
7813
15
7814
56
7815
56
7816
22
7817
15
7818
5
7819
32
7820
58
7821
1
7822
56
7823
53
7824
22
7825
15
7826
56
7827
59
7828
22
7829
15
7830
11
7831
61
7832
53
7833
22
7834
15
7835
56
7836
62
7837
22
7838
15
7839
2
7840
56
7841
48
7842
24
7843
15
7844
56
7845
45
7846
24
7847
15
7848
34
7849
0
7850
0
7851
0
7852
56
7853
27
7854
36
7855
15
7856
56
7857
45
7858
24
7859
15
7860
34
7861
3
7862
0
7863
0
7864
59
7865
24
7866
32
7867
15
7868
56
7869
45
7870
24
7871
15
7872
38
7873
6
7874
0
7875
0
7876
7
7877
51
7878
4
7879
1
7880
56
7881
48
7882
24
7883
15
7884
56
7885
63
7886
9
7887
15
7888
11
7889
61
7890
63
7891
9
7892
15
7893
59
7894
63
7895
63
7896
63
7897
56
7898
63
7899
9
7900
15
7901
34
7902
0
7903
0
7904
0
7905
10
7906
61
7907
27
7908
36
7909
15
7910
59
7911
1
7912
0
7913
0
7914
7
7915
4
7916
22
7917
1
7918
61
7919
45
7920
24
7921
15
7922
56
7923
45
7924
24
7925
15
7926
59
7927
0
7928
0
7929
0
7930
6
7931
63
7932
59
7933
1
7934
10
7935
56
7936
45
7937
24
7938
15
7939
36
7940
0
7941
0
7942
0
7943
61
7944
48
7945
24
7946
15
7947
56
7948
63
7949
9
7950
15
7951
56
7952
48
7953
24
7954
15
7955
12
7956
61
7957
63
7958
9
7959
15
7960
56
7961
45
7962
24
7963
15
7964
61
7965
53
7966
22
7967
15
7968
56
7969
63
7970
9
7971
15
7972
61
7973
56
7974
22
7975
15
7976
59
7977
1
7978
0
7979
0
7980
61
7981
59
7982
22
7983
15
7984
59
7985
56
7986
60
7987
1
7988
61
7989
62
7990
22
7991
15
7992
41
7993
53
7994
22
7995
15
7996
48
7997
24
7998
15
7999
62
8000
53
8001
22
8002
15
8003
56
8004
53
8005
22
8006
15
8007
56
8008
56
8009
22
8010
15
8011
5
8012
33
8013
61
8014
1
8015
56
8016
53
8017
22
8018
15
8019
56
8020
59
8021
22
8022
15
8023
11
8024
61
8025
53
8026
22
8027
15
8028
56
8029
62
8030
22
8031
15
8032
2
8033
59
8034
63
8035
63
8036
63
8037
56
8038
63
8039
9
8040
15
8041
34
8042
0
8043
0
8044
0
8045
10
8046
61
8047
57
8048
24
8049
15
8050
26
8051
61
8052
36
8053
24
8054
15
8055
26
8056
61
8057
12
8058
24
8059
15
8060
59
8061
0
8062
0
8063
0
8064
61
8065
60
8066
24
8067
15
8068
57
8069
12
8070
24
8071
15
8072
7
8073
45
8074
46
8075
1
8076
61
8077
24
8078
24
8079
15
8080
56
8081
24
8082
24
8083
15
8084
59
8085
1
8086
0
8087
0
8088
6
8089
36
8090
62
8091
1
8092
29
8093
12
8094
24
8095
15
8096
1
8097
4
8098
62
8099
1
8100
57
8101
12
8102
24
8103
15
8104
7
8105
15
8106
49
8107
1
8108
61
8109
24
8110
24
8111
15
8112
56
8113
24
8114
24
8115
15
8116
59
8117
1
8118
0
8119
0
8120
5
8121
17
8122
63
8123
1
8124
59
8125
63
8126
63
8127
63
8128
60
8129
36
8130
24
8131
15
8132
56
8133
12
8134
24
8135
15
8136
56
8137
57
8138
24
8139
15
8140
7
8141
51
8142
4
8143
1
8144
10
8145
57
8146
12
8147
24
8148
15
8149
7
8150
15
8151
49
8152
1
8153
61
8154
24
8155
24
8156
15
8157
56
8158
24
8159
24
8160
15
8161
59
8162
0
8163
0
8164
0
8165
5
8166
8
8167
0
8168
2
8169
56
8170
60
8171
24
8172
15
8173
59
8174
10
8175
0
8176
0
8177
13
8178
57
8179
12
8180
24
8181
15
8182
11
8183
59
8184
16
8185
0
8186
0
8187
12
8188
61
8189
60
8190
24
8191
15
8192
29
8193
12
8194
24
8195
15
8196
1
8197
17
8198
63
8199
1
8200
57
8201
12
8202
24
8203
15
8204
7
8205
45
8206
46
8207
1
8208
61
8209
24
8210
24
8211
15
8212
56
8213
24
8214
24
8215
15
8216
59
8217
1
8218
0
8219
0
8220
6
8221
40
8222
0
8223
2
8224
29
8225
12
8226
24
8227
15
8228
1
8229
8
8230
0
8231
2
8232
57
8233
12
8234
24
8235
15
8236
59
8237
63
8238
0
8239
0
8240
6
8241
5
8242
1
8243
2
8244
56
8245
60
8246
24
8247
15
8248
60
8249
36
8250
24
8251
15
8252
59
8253
63
8254
0
8255
0
8256
62
8257
57
8258
24
8259
15
8260
10
8261
56
8262
12
8263
24
8264
15
8265
56
8266
57
8267
24
8268
15
8269
7
8270
51
8271
4
8272
1
8273
56
8274
60
8275
24
8276
15
8277
60
8278
36
8279
24
8280
15
8281
10
8282
59
8283
0
8284
0
8285
0
8286
61
8287
53
8288
22
8289
15
8290
59
8291
25
8292
0
8293
0
8294
61
8295
56
8296
22
8297
15
8298
59
8299
1
8300
0
8301
0
8302
61
8303
59
8304
22
8305
15
8306
59
8307
58
8308
1
8309
2
8310
61
8311
62
8312
22
8313
15
8314
59
8315
0
8316
0
8317
0
8318
44
8319
48
8320
40
8321
9
8322
53
8323
22
8324
15
8325
56
8326
53
8327
22
8328
15
8329
56
8330
56
8331
22
8332
15
8333
5
8334
35
8335
2
8336
2
8337
56
8338
53
8339
22
8340
15
8341
56
8342
59
8343
22
8344
15
8345
11
8346
61
8347
53
8348
22
8349
15
8350
56
8351
62
8352
22
8353
15
8354
2
8355
59
8356
0
8357
0
8358
0
8359
61
8360
53
8361
22
8362
15
8363
59
8364
0
8365
25
8366
0
8367
61
8368
56
8369
22
8370
15
8371
59
8372
0
8373
1
8374
0
8375
61
8376
59
8377
22
8378
15
8379
59
8380
3
8381
3
8382
2
8383
61
8384
62
8385
22
8386
15
8387
59
8388
63
8389
0
8390
0
8391
46
8392
57
8393
40
8394
9
8395
53
8396
22
8397
15
8398
56
8399
53
8400
22
8401
15
8402
56
8403
56
8404
22
8405
15
8406
5
8407
44
8408
3
8409
2
8410
56
8411
53
8412
22
8413
15
8414
56
8415
59
8416
22
8417
15
8418
11
8419
61
8420
53
8421
22
8422
15
8423
56
8424
62
8425
22
8426
15
8427
2
8428
59
8429
0
8430
0
8431
0
8432
61
8433
53
8434
22
8435
15
8436
59
8437
0
8438
0
8439
1
8440
61
8441
56
8442
22
8443
15
8444
59
8445
1
8446
0
8447
0
8448
61
8449
59
8450
22
8451
15
8452
59
8453
12
8454
4
8455
2
8456
61
8457
62
8458
22
8459
15
8460
59
8461
0
8462
0
8463
0
8464
44
8465
57
8466
41
8467
9
8468
53
8469
22
8470
15
8471
56
8472
53
8473
22
8474
15
8475
56
8476
56
8477
22
8478
15
8479
5
8480
53
8481
4
8482
2
8483
56
8484
53
8485
22
8486
15
8487
56
8488
59
8489
22
8490
15
8491
11
8492
61
8493
53
8494
22
8495
15
8496
56
8497
62
8498
22
8499
15
8500
2
8501
10
8502
61
8503
63
8504
24
8505
15
8506
7
8507
22
8508
10
8509
1
8510
61
8511
24
8512
24
8513
15
8514
56
8515
24
8516
24
8517
15
8518
59
8519
0
8520
0
8521
0
8522
6
8523
19
8524
5
8525
2
8526
59
8527
0
8528
0
8529
0
8530
10
8531
59
8532
2
8533
0
8534
0
8535
56
8536
24
8537
24
8538
15
8539
3
8540
36
8541
5
8542
2
8543
59
8544
0
8545
0
8546
0
8547
10
8548
57
8549
63
8550
24
8551
15
8552
59
8553
32
8554
0
8555
0
8556
5
8557
27
8558
7
8559
2
8560
56
8561
24
8562
24
8563
15
8564
59
8565
1
8566
0
8567
0
8568
5
8569
55
8570
6
8571
2
8572
49
8573
63
8574
24
8575
15
8576
1
8577
0
8578
0
8579
59
8580
4
8581
0
8582
0
8583
5
8584
19
8585
6
8586
2
8587
59
8588
60
8589
45
8590
3
8591
7
8592
10
8593
30
8594
1
8595
57
8596
63
8597
24
8598
15
8599
61
8600
2
8601
25
8602
15
8603
59
8604
6
8605
0
8606
0
8607
61
8608
50
8609
22
8610
15
8611
56
8612
2
8613
25
8614
15
8615
59
8616
1
8617
0
8618
0
8619
12
8620
59
8621
0
8622
1
8623
0
8624
13
8625
59
8626
57
8627
40
8628
9
8629
11
8630
10
8631
57
8632
63
8633
24
8634
15
8635
61
8636
2
8637
25
8638
15
8639
59
8640
4
8641
0
8642
0
8643
61
8644
50
8645
22
8646
15
8647
56
8648
2
8649
25
8650
15
8651
59
8652
1
8653
0
8654
0
8655
12
8656
59
8657
3
8658
0
8659
0
8660
13
8661
59
8662
48
8663
40
8664
9
8665
11
8666
10
8667
7
8668
51
8669
31
8670
1
8671
59
8672
10
8673
0
8674
0
8675
61
8676
50
8677
22
8678
15
8679
59
8680
9
8681
46
8682
3
8683
7
8684
0
8685
46
8686
1
8687
56
8688
54
8689
26
8690
15
8691
27
8692
7
8693
16
8694
29
8695
3
8696
28
8697
61
8698
54
8699
26
8700
15
8701
7
8702
63
8703
30
8704
3
8705
61
8706
2
8707
25
8708
15
8709
56
8710
2
8711
25
8712
15
8713
59
8714
0
8715
0
8716
0
8717
3
8718
25
8719
8
8720
2
8721
59
8722
11
8723
46
8724
3
8725
7
8726
10
8727
30
8728
1
8729
59
8730
0
8731
0
8732
1
8733
56
8734
2
8735
25
8736
15
8737
3
8738
45
8739
8
8740
2
8741
59
8742
31
8743
46
8744
3
8745
7
8746
10
8747
30
8748
1
8749
59
8750
51
8751
46
8752
3
8753
7
8754
0
8755
46
8756
1
8757
56
8758
2
8759
25
8760
15
8761
59
8762
3
8763
0
8764
0
8765
13
8766
59
8767
57
8768
41
8769
9
8770
11
8771
61
8772
24
8773
24
8774
15
8775
56
8776
24
8777
24
8778
15
8779
10
8780
7
8781
25
8782
34
8783
3
8784
7
8785
26
8786
1
8787
2
8788
59
8789
57
8790
41
8791
12
8792
61
8793
24
8794
24
8795
5
8796
59
8797
1
8798
0
8799
0
8800
10
8801
7
8802
16
8803
29
8804
3
8805
7
8806
63
8807
30
8808
3
8809
61
8810
24
8811
24
8812
15
8813
56
8814
24
8815
24
8816
15
8817
59
8818
0
8819
0
8820
0
8821
5
8822
19
8823
11
8824
2
8825
59
8826
53
8827
46
8828
3
8829
7
8830
0
8831
46
8832
1
8833
56
8834
14
8835
22
8836
15
8837
59
8838
4
8839
0
8840
0
8841
5
8842
18
8843
10
8844
2
8845
59
8846
1
8847
0
8848
0
8849
10
8850
56
8851
20
8852
22
8853
15
8854
59
8855
1
8856
0
8857
0
8858
7
8859
4
8860
22
8861
1
8862
61
8863
12
8864
24
8865
15
8866
56
8867
12
8868
24
8869
15
8870
59
8871
0
8872
0
8873
0
8874
6
8875
54
8876
10
8877
2
8878
59
8879
58
8880
46
8881
3
8882
7
8883
10
8884
30
8885
1
8886
56
8887
12
8888
24
8889
15
8890
61
8891
2
8892
10
8893
15
8894
56
8895
2
8896
10
8897
15
8898
38
8899
6
8900
0
8901
0
8902
61
8903
8
8904
22
8905
15
8906
7
8907
51
8908
31
8909
1
8910
59
8911
1
8912
0
8913
0
8914
10
8915
7
8916
51
8917
31
8918
1
8919
59
8920
8
8921
14
8922
15
8923
59
8924
13
8925
47
8926
3
8927
7
8928
43
8929
2
8930
1
8931
61
8932
24
8933
24
8934
15
8935
56
8936
24
8937
24
8938
15
8939
59
8940
0
8941
0
8942
0
8943
6
8944
9
8945
13
8946
2
8947
7
8948
51
8949
31
8950
1
8951
56
8952
14
8953
22
8954
15
8955
59
8956
4
8957
0
8958
0
8959
5
8960
8
8961
12
8962
2
8963
59
8964
1
8965
0
8966
0
8967
10
8968
56
8969
20
8970
22
8971
15
8972
59
8973
1
8974
0
8975
0
8976
7
8977
4
8978
22
8979
1
8980
61
8981
12
8982
24
8983
15
8984
56
8985
12
8986
24
8987
15
8988
59
8989
0
8990
0
8991
0
8992
6
8993
44
8994
12
8995
2
8996
59
8997
18
8998
47
8999
3
9000
7
9001
10
9002
30
9003
1
9004
56
9005
12
9006
24
9007
15
9008
61
9009
2
9010
10
9011
15
9012
56
9013
2
9014
10
9015
15
9016
38
9017
6
9018
0
9019
0
9020
61
9021
8
9022
22
9023
15
9024
7
9025
51
9026
31
9027
1
9028
59
9029
1
9030
0
9031
0
9032
10
9033
56
9034
14
9035
22
9036
15
9037
59
9038
8
9039
0
9040
0
9041
6
9042
19
9043
11
9044
2
9045
59
9046
1
9047
0
9048
0
9049
10
9050
56
9051
27
9052
24
9053
5
9054
59
9055
57
9056
57
9057
12
9058
3
9059
46
9060
13
9061
2
9062
59
9063
37
9064
47
9065
3
9066
7
9067
10
9068
30
9069
1
9070
56
9071
27
9072
24
9073
5
9074
59
9075
6
9076
0
9077
0
9078
12
9079
61
9080
27
9081
24
9082
5
9083
56
9084
27
9085
24
9086
5
9087
36
9088
3
9089
0
9090
0
9091
61
9092
8
9093
22
9094
15
9095
56
9096
27
9097
24
9098
5
9099
36
9100
0
9101
0
9102
0
9103
61
9104
2
9105
10
9106
15
9107
7
9108
51
9109
31
9110
1
9111
59
9112
1
9113
0
9114
0
9115
10
9116
59
9117
57
9118
57
9119
12
9120
59
9121
0
9122
16
9123
0
9124
11
9125
61
9126
24
9127
24
9128
15
9129
56
9130
27
9131
24
9132
5
9133
56
9134
24
9135
24
9136
15
9137
4
9138
61
9139
14
9140
2
9141
59
9142
58
9143
47
9144
3
9145
7
9146
10
9147
30
9148
1
9149
56
9150
14
9151
22
9152
15
9153
59
9154
4
9155
0
9156
0
9157
5
9158
17
9159
15
9160
2
9161
59
9162
17
9163
48
9164
3
9165
7
9166
10
9167
30
9168
1
9169
56
9170
20
9171
22
9172
15
9173
59
9174
1
9175
0
9176
0
9177
7
9178
4
9179
22
9180
1
9181
61
9182
5
9183
25
9184
15
9185
56
9186
5
9187
25
9188
15
9189
59
9190
0
9191
0
9192
0
9193
6
9194
53
9195
15
9196
2
9197
59
9198
30
9199
48
9200
3
9201
7
9202
10
9203
30
9204
1
9205
7
9206
51
9207
31
9208
1
9209
56
9210
2
9211
10
9212
15
9213
56
9214
27
9215
24
9216
5
9217
34
9218
0
9219
0
9220
0
9221
56
9222
8
9223
22
9224
15
9225
56
9226
27
9227
24
9228
5
9229
34
9230
3
9231
0
9232
0
9233
56
9234
27
9235
24
9236
5
9237
59
9238
6
9239
0
9240
0
9241
11
9242
61
9243
27
9244
24
9245
5
9246
56
9247
5
9248
25
9249
15
9250
61
9251
2
9252
10
9253
15
9254
56
9255
2
9256
10
9257
15
9258
38
9259
6
9260
0
9261
0
9262
61
9263
8
9264
22
9265
15
9266
7
9267
51
9268
31
9269
1
9270
59
9271
1
9272
0
9273
0
9274
10
9275
59
9276
57
9277
41
9278
12
9279
56
9280
24
9281
24
9282
5
9283
4
9284
15
9285
17
9286
2
9287
59
9288
48
9289
48
9290
3
9291
7
9292
10
9293
30
9294
1
9295
56
9296
24
9297
24
9298
5
9299
59
9300
15
9301
0
9302
0
9303
12
9304
61
9305
24
9306
24
9307
5
9308
56
9309
14
9310
22
9311
15
9312
59
9313
1
9314
0
9315
0
9316
6
9317
21
9318
18
9319
2
9320
59
9321
8
9322
14
9323
15
9324
7
9325
54
9326
4
9327
2
9328
56
9329
24
9330
24
9331
5
9332
36
9333
0
9334
0
9335
0
9336
12
9337
61
9338
24
9339
24
9340
15
9341
56
9342
24
9343
24
9344
15
9345
59
9346
0
9347
0
9348
0
9349
5
9350
17
9351
18
9352
2
9353
59
9354
1
9355
49
9356
3
9357
7
9358
10
9359
30
9360
1
9361
7
9362
51
9363
31
9364
1
9365
56
9366
24
9367
24
9368
5
9369
36
9370
0
9371
0
9372
0
9373
61
9374
8
9375
25
9376
15
9377
56
9378
24
9379
24
9380
5
9381
36
9382
6
9383
0
9384
0
9385
55
9386
8
9387
25
9388
15
9389
11
9390
60
9391
8
9392
25
9393
15
9394
55
9395
8
9396
25
9397
15
9398
56
9399
24
9400
24
9401
5
9402
36
9403
3
9404
0
9405
0
9406
12
9407
56
9408
24
9409
24
9410
5
9411
36
9412
6
9413
0
9414
0
9415
13
9416
61
9417
24
9418
24
9419
15
9420
59
9421
0
9422
0
9423
0
9424
56
9425
24
9426
24
9427
15
9428
4
9429
1
9430
20
9431
2
9432
56
9433
24
9434
24
9435
5
9436
36
9437
12
9438
0
9439
0
9440
61
9441
8
9442
22
9443
15
9444
56
9445
24
9446
24
9447
5
9448
36
9449
9
9450
0
9451
0
9452
61
9453
2
9454
10
9455
15
9456
56
9457
24
9458
24
9459
5
9460
59
9461
15
9462
0
9463
0
9464
11
9465
61
9466
24
9467
24
9468
5
9469
7
9470
51
9471
31
9472
1
9473
59
9474
1
9475
0
9476
0
9477
10
9478
59
9479
57
9480
41
9481
12
9482
59
9483
0
9484
16
9485
0
9486
11
9487
61
9488
24
9489
24
9490
15
9491
56
9492
24
9493
24
9494
5
9495
56
9496
24
9497
24
9498
15
9499
4
9500
39
9501
20
9502
2
9503
59
9504
18
9505
49
9506
3
9507
7
9508
10
9509
30
9510
1
9511
56
9512
14
9513
22
9514
15
9515
59
9516
1
9517
0
9518
0
9519
5
9520
59
9521
20
9522
2
9523
59
9524
45
9525
49
9526
3
9527
7
9528
10
9529
30
9530
1
9531
59
9532
8
9533
14
9534
15
9535
7
9536
54
9537
4
9538
2
9539
61
9540
8
9541
25
9542
15
9543
56
9544
8
9545
25
9546
15
9547
56
9548
24
9549
24
9550
5
9551
34
9552
0
9553
0
9554
0
9555
7
9556
38
9557
35
9558
2
9559
59
9560
58
9561
49
9562
3
9563
7
9564
0
9565
46
9566
1
9567
7
9568
25
9569
34
9570
3
9571
7
9572
16
9573
29
9574
3
9575
7
9576
63
9577
30
9578
3
9579
56
9580
24
9581
24
9582
5
9583
34
9584
3
9585
0
9586
0
9587
59
9588
8
9589
14
9590
15
9591
59
9592
61
9593
49
9594
3
9595
7
9596
43
9597
2
9598
1
9599
61
9600
24
9601
24
9602
15
9603
56
9604
24
9605
24
9606
15
9607
59
9608
0
9609
0
9610
0
9611
6
9612
43
9613
22
9614
2
9615
7
9616
51
9617
31
9618
1
9619
7
9620
25
9621
34
9622
3
9623
7
9624
16
9625
29
9626
3
9627
7
9628
63
9629
30
9630
3
9631
56
9632
24
9633
24
9634
5
9635
34
9636
6
9637
0
9638
0
9639
1
9640
55
9641
22
9642
2
9643
59
9644
1
9645
0
9646
0
9647
56
9648
24
9649
24
9650
5
9651
34
9652
6
9653
0
9654
0
9655
56
9656
2
9657
10
9658
15
9659
56
9660
24
9661
24
9662
5
9663
34
9664
9
9665
0
9666
0
9667
56
9668
8
9669
22
9670
15
9671
56
9672
24
9673
24
9674
5
9675
34
9676
12
9677
0
9678
0
9679
56
9680
24
9681
24
9682
5
9683
59
9684
15
9685
0
9686
0
9687
11
9688
61
9689
24
9690
24
9691
5
9692
59
9693
1
9694
0
9695
0
9696
10
9697
59
9698
1
9699
0
9700
0
9701
61
9702
41
9703
22
9704
15
9705
56
9706
14
9707
22
9708
15
9709
59
9710
4
9711
0
9712
0
9713
5
9714
61
9715
23
9716
2
9717
59
9718
2
9719
50
9720
3
9721
7
9722
10
9723
30
9724
1
9725
56
9726
20
9727
22
9728
15
9729
59
9730
1
9731
0
9732
0
9733
7
9734
4
9735
22
9736
1
9737
61
9738
12
9739
24
9740
15
9741
56
9742
12
9743
24
9744
15
9745
59
9746
0
9747
0
9748
0
9749
6
9750
33
9751
24
9752
2
9753
59
9754
15
9755
50
9756
3
9757
7
9758
10
9759
30
9760
1
9761
56
9762
12
9763
24
9764
15
9765
61
9766
2
9767
10
9768
15
9769
56
9770
2
9771
10
9772
15
9773
38
9774
6
9775
0
9776
0
9777
61
9778
8
9779
22
9780
15
9781
7
9782
51
9783
31
9784
1
9785
59
9786
1
9787
0
9788
0
9789
10
9790
59
9791
1
9792
0
9793
0
9794
61
9795
14
9796
25
9797
15
9798
56
9799
14
9800
22
9801
15
9802
59
9803
6
9804
0
9805
0
9806
6
9807
34
9808
25
9809
2
9810
59
9811
8
9812
14
9813
15
9814
7
9815
48
9816
0
9817
1
9818
7
9819
51
9820
31
9821
1
9822
1
9823
6
9824
25
9825
2
9826
56
9827
14
9828
22
9829
15
9830
59
9831
1
9832
0
9833
0
9834
6
9835
47
9836
28
9837
2
9838
59
9839
8
9840
14
9841
15
9842
7
9843
54
9844
4
9845
2
9846
61
9847
11
9848
25
9849
15
9850
59
9851
50
9852
22
9853
15
9854
59
9855
10
9856
0
9857
0
9858
5
9859
10
9860
26
9861
2
9862
7
9863
51
9864
31
9865
1
9866
56
9867
14
9868
25
9869
15
9870
59
9871
1
9872
0
9873
0
9874
6
9875
30
9876
26
9877
2
9878
59
9879
34
9880
50
9881
3
9882
7
9883
48
9884
0
9885
1
9886
59
9887
14
9888
27
9889
15
9890
7
9891
50
9892
1
9893
1
9894
61
9895
24
9896
24
9897
15
9898
56
9899
24
9900
24
9901
15
9902
59
9903
3
9904
0
9905
0
9906
6
9907
62
9908
26
9909
2
9910
59
9911
1
9912
0
9913
0
9914
61
9915
38
9916
22
9917
15
9918
59
9919
14
9920
27
9921
15
9922
7
9923
22
9924
10
9925
1
9926
59
9927
1
9928
0
9929
0
9930
11
9931
61
9932
24
9933
24
9934
15
9935
56
9936
50
9937
22
9938
15
9939
59
9940
6
9941
0
9942
0
9943
6
9944
43
9945
27
9946
2
9947
59
9948
14
9949
27
9950
15
9951
56
9952
11
9953
25
9954
15
9955
59
9956
0
9957
1
9958
0
9959
7
9960
29
9961
5
9962
1
9963
56
9964
50
9965
22
9966
15
9967
59
9968
4
9969
0
9970
0
9971
6
9972
7
9973
28
9974
2
9975
59
9976
14
9977
27
9978
15
9979
59
9980
10
9981
0
9982
0
9983
7
9984
63
9985
10
9986
1
9987
60
9988
11
9989
25
9990
15
9991
56
9992
50
9993
22
9994
15
9995
59
9996
10
9997
0
9998
0
9999
6
10000
35
10001
28
10002
2
10003
59
10004
14
10005
27
10006
15
10007
59
10008
10
10009
0
10010
0
10011
7
10012
63
10013
10
10014
1
10015
60
10016
11
10017
25
10018
15
10019
59
10020
1
10021
0
10022
0
10023
61
10024
14
10025
25
10026
15
10027
1
10028
6
10029
25
10030
2
10031
56
10032
14
10033
22
10034
15
10035
59
10036
5
10037
0
10038
0
10039
5
10040
0
10041
29
10042
2
10043
59
10044
1
10045
0
10046
0
10047
10
10048
58
10049
8
10050
14
10051
15
10052
59
10053
12
10054
0
10055
0
10056
6
10057
28
10058
29
10059
2
10060
59
10061
1
10062
0
10063
0
10064
61
10065
14
10066
25
10067
15
10068
7
10069
51
10070
31
10071
1
10072
1
10073
6
10074
25
10075
2
10076
58
10077
8
10078
14
10079
15
10080
59
10081
27
10082
0
10083
0
10084
6
10085
56
10086
29
10087
2
10088
59
10089
0
10090
0
10091
0
10092
61
10093
14
10094
25
10095
15
10096
7
10097
51
10098
31
10099
1
10100
1
10101
6
10102
25
10103
2
10104
59
10105
1
10106
0
10107
0
10108
10
10109
59
10110
63
10111
0
10112
0
10113
61
10114
17
10115
25
10116
15
10117
56
10118
14
10119
22
10120
15
10121
59
10122
8
10123
0
10124
0
10125
5
10126
53
10127
33
10128
2
10129
56
10130
14
10131
22
10132
15
10133
59
10134
5
10135
0
10136
0
10137
6
10138
41
10139
30
10140
2
10141
58
10142
8
10143
14
10144
15
10145
59
10146
26
10147
0
10148
0
10149
5
10150
53
10151
33
10152
2
10153
58
10154
8
10155
14
10156
15
10157
61
10158
17
10159
25
10160
15
10161
7
10162
25
10163
34
10164
3
10165
7
10166
16
10167
29
10168
3
10169
7
10170
29
10171
33
10172
3
10173
61
10174
57
10175
26
10176
15
10177
56
10178
57
10179
26
10180
15
10181
59
10182
6
10183
0
10184
0
10185
6
10186
25
10187
31
10188
2
10189
7
10190
5
10191
30
10192
3
10193
61
10194
21
10195
24
10196
15
10197
7
10198
48
10199
0
10200
1
10201
56
10202
57
10203
26
10204
15
10205
59
10206
4
10207
0
10208
0
10209
6
10210
45
10211
31
10212
2
10213
7
10214
63
10215
30
10216
3
10217
7
10218
21
10219
1
10220
1
10221
7
10222
4
10223
34
10224
3
10225
56
10226
14
10227
22
10228
15
10229
59
10230
5
10231
0
10232
0
10233
6
10234
33
10235
32
10236
2
10237
58
10238
8
10239
14
10240
15
10241
59
10242
12
10243
0
10244
0
10245
6
10246
33
10247
32
10248
2
10249
58
10250
8
10251
14
10252
15
10253
61
10254
17
10255
25
10256
15
10257
59
10258
12
10259
0
10260
0
10261
7
10262
38
10263
0
10264
1
10265
7
10266
51
10267
31
10268
1
10269
1
10270
5
10271
30
10272
2
10273
56
10274
14
10275
22
10276
15
10277
59
10278
5
10279
0
10280
0
10281
6
10282
9
10283
33
10284
2
10285
58
10286
8
10287
14
10288
15
10289
59
10290
27
10291
0
10292
0
10293
6
10294
9
10295
33
10296
2
10297
58
10298
8
10299
14
10300
15
10301
61
10302
17
10303
25
10304
15
10305
7
10306
51
10307
31
10308
1
10309
1
10310
5
10311
30
10312
2
10313
56
10314
14
10315
22
10316
15
10317
59
10318
8
10319
0
10320
0
10321
5
10322
53
10323
33
10324
2
10325
56
10326
14
10327
22
10328
15
10329
59
10330
5
10331
0
10332
0
10333
6
10334
45
10335
33
10336
2
10337
58
10338
8
10339
14
10340
15
10341
59
10342
26
10343
0
10344
0
10345
5
10346
53
10347
33
10348
2
10349
59
10350
37
10351
50
10352
3
10353
7
10354
10
10355
30
10356
1
10357
56
10358
17
10359
25
10360
15
10361
59
10362
27
10363
0
10364
0
10365
5
10366
5
10367
34
10368
2
10369
7
10370
30
10371
1
10372
1
10373
59
10374
1
10375
0
10376
0
10377
10
10378
59
10379
1
10380
0
10381
0
10382
61
10383
38
10384
22
10385
15
10386
59
10387
1
10388
0
10389
0
10390
10
10391
56
10392
5
10393
10
10394
15
10395
56
10396
11
10397
22
10398
15
10399
7
10400
18
10401
25
10402
1
10403
59
10404
1
10405
0
10406
0
10407
10
10408
59
10409
57
10410
41
10411
12
10412
61
10413
24
10414
24
10415
5
10416
59
10417
57
10418
57
10419
12
10420
61
10421
27
10422
24
10423
5
10424
59
10425
48
10426
40
10427
5
10428
61
10429
2
10430
10
10431
15
10432
56
10433
2
10434
10
10435
15
10436
59
10437
0
10438
0
10439
0
10440
6
10441
17
10442
35
10443
2
10444
59
10445
2
10446
0
10447
0
10448
10
10449
56
10450
2
10451
10
10452
15
10453
38
10454
6
10455
0
10456
0
10457
61
10458
8
10459
22
10460
15
10461
7
10462
51
10463
31
10464
1
10465
59
10466
1
10467
0
10468
0
10469
10
10470
56
10471
14
10472
22
10473
15
10474
59
10475
1
10476
0
10477
0
10478
5
10479
55
10480
35
10481
2
10482
59
10483
1
10484
0
10485
0
10486
10
10487
59
10488
8
10489
14
10490
15
10491
7
10492
54
10493
4
10494
2
10495
61
10496
20
10497
25
10498
15
10499
56
10500
50
10501
22
10502
15
10503
59
10504
10
10505
0
10506
0
10507
5
10508
19
10509
36
10510
2
10511
7
10512
51
10513
31
10514
1
10515
59
10516
50
10517
50
10518
3
10519
7
10520
0
10521
46
10522
1
10523
56
10524
50
10525
22
10526
15
10527
27
10528
7
10529
16
10530
29
10531
3
10532
28
10533
61
10534
50
10535
22
10536
15
10537
7
10538
29
10539
33
10540
3
10541
61
10542
24
10543
24
10544
15
10545
56
10546
24
10547
24
10548
15
10549
59
10550
6
10551
0
10552
0
10553
6
10554
9
10555
37
10556
2
10557
56
10558
50
10559
22
10560
15
10561
59
10562
6
10563
0
10564
0
10565
6
10566
18
10567
38
10568
2
10569
56
10570
24
10571
24
10572
15
10573
59
10574
4
10575
0
10576
0
10577
6
10578
33
10579
37
10580
2
10581
56
10582
50
10583
22
10584
15
10585
59
10586
6
10587
0
10588
0
10589
5
10590
18
10591
38
10592
2
10593
56
10594
24
10595
24
10596
15
10597
59
10598
4
10599
0
10600
0
10601
6
10602
53
10603
37
10604
2
10605
7
10606
63
10607
30
10608
3
10609
60
10610
20
10611
25
10612
15
10613
56
10614
24
10615
24
10616
15
10617
59
10618
6
10619
0
10620
0
10621
6
10622
13
10623
38
10624
2
10625
7
10626
5
10627
30
10628
3
10629
56
10630
20
10631
25
10632
15
10633
7
10634
51
10635
4
10636
1
10637
59
10638
1
10639
0
10640
0
10641
10
10642
59
10643
52
10644
50
10645
3
10646
7
10647
10
10648
30
10649
1
10650
10
10651
59
10652
0
10653
0
10654
0
10655
61
10656
23
10657
25
10658
15
10659
59
10660
63
10661
63
10662
15
10663
61
10664
26
10665
25
10666
15
10667
56
10668
14
10669
22
10670
15
10671
59
10672
4
10673
0
10674
0
10675
6
10676
3
10677
39
10678
2
10679
7
10680
63
10681
30
10682
3
10683
61
10684
23
10685
25
10686
15
10687
7
10688
51
10689
31
10690
1
10691
58
10692
8
10693
14
10694
15
10695
59
10696
12
10697
0
10698
0
10699
6
10700
19
10701
39
10702
2
10703
7
10704
51
10705
31
10706
1
10707
58
10708
8
10709
14
10710
15
10711
59
10712
13
10713
0
10714
0
10715
6
10716
35
10717
39
10718
2
10719
7
10720
51
10721
31
10722
1
10723
56
10724
14
10725
22
10726
15
10727
59
10728
4
10729
0
10730
0
10731
6
10732
59
10733
39
10734
2
10735
7
10736
63
10737
30
10738
3
10739
61
10740
26
10741
25
10742
15
10743
7
10744
51
10745
31
10746
1
10747
59
10748
48
10749
40
10750
5
10751
61
10752
12
10753
24
10754
15
10755
56
10756
12
10757
24
10758
15
10759
56
10760
63
10761
9
10762
15
10763
3
10764
0
10765
42
10766
2
10767
56
10768
12
10769
24
10770
15
10771
36
10772
0
10773
0
10774
0
10775
61
10776
24
10777
24
10778
15
10779
59
10780
0
10781
0
10782
0
10783
56
10784
24
10785
24
10786
15
10787
3
10788
0
10789
42
10790
2
10791
56
10792
12
10793
24
10794
15
10795
36
10796
3
10797
0
10798
0
10799
61
10800
24
10801
24
10802
15
10803
56
10804
24
10805
24
10806
15
10807
56
10808
23
10809
25
10810
15
10811
4
10812
43
10813
41
10814
2
10815
56
10816
26
10817
25
10818
15
10819
56
10820
24
10821
24
10822
15
10823
4
10824
43
10825
41
10826
2
10827
56
10828
24
10829
24
10830
15
10831
7
10832
21
10833
1
10834
1
10835
59
10836
8
10837
51
10838
3
10839
7
10840
48
10841
0
10842
1
10843
56
10844
12
10845
24
10846
15
10847
38
10848
6
10849
0
10850
0
10851
7
10852
48
10853
0
10854
1
10855
7
10856
30
10857
1
10858
1
10859
56
10860
12
10861
24
10862
15
10863
36
10864
0
10865
0
10866
0
10867
56
10868
12
10869
24
10870
15
10871
11
10872
61
10873
12
10874
24
10875
15
10876
1
10877
3
10878
40
10879
2
10880
59
10881
2
10882
0
10883
0
10884
10
10885
59
10886
2
10887
0
10888
0
10889
10
10890
7
10891
59
10892
21
10893
1
10894
7
10895
12
10896
9
10897
2
10898
59
10899
2
10900
0
10901
0
10902
10
10903
59
10904
10
10905
51
10906
3
10907
7
10908
10
10909
30
10910
1
10911
59
10912
1
10913
0
10914
0
10915
10
10916
59
10917
26
10918
51
10919
3
10920
7
10921
10
10922
30
10923
1
10924
59
10925
1
10926
0
10927
0
10928
10
10929
7
10930
51
10931
31
10932
1
10933
59
10934
42
10935
51
10936
3
10937
7
10938
0
10939
46
10940
1
10941
7
10942
16
10943
29
10944
3
10945
59
10946
44
10947
51
10948
3
10949
7
10950
0
10951
46
10952
1
10953
7
10954
5
10955
30
10956
3
10957
61
10958
21
10959
24
10960
15
10961
7
10962
22
10963
10
10964
1
10965
7
10966
51
10967
32
10968
3
10969
59
10970
0
10971
0
10972
0
10973
10
10974
7
10975
51
10976
31
10977
1
10978
59
10979
46
10980
51
10981
3
10982
7
10983
0
10984
46
10985
1
10986
7
10987
16
10988
29
10989
3
10990
59
10991
48
10992
51
10993
3
10994
7
10995
0
10996
46
10997
1
10998
7
10999
5
11000
30
11001
3
11002
59
11003
10
11004
0
11005
0
11006
7
11007
63
11008
10
11009
1
11010
7
11011
51
11012
32
11013
3
11014
59
11015
0
11016
0
11017
0
11018
10
11019
7
11020
51
11021
31
11022
1
11023
59
11024
50
11025
51
11026
3
11027
7
11028
0
11029
46
11030
1
11031
7
11032
16
11033
29
11034
3
11035
59
11036
52
11037
51
11038
3
11039
7
11040
0
11041
46
11042
1
11043
7
11044
63
11045
30
11046
3
11047
59
11048
10
11049
0
11050
0
11051
7
11052
15
11053
13
11054
1
11055
7
11056
57
11057
31
11058
3
11059
59
11060
0
11061
0
11062
0
11063
10
11064
7
11065
51
11066
31
11067
1
11068
59
11069
54
11070
51
11071
3
11072
7
11073
0
11074
46
11075
1
11076
7
11077
16
11078
29
11079
3
11080
59
11081
56
11082
51
11083
3
11084
7
11085
0
11086
46
11087
1
11088
7
11089
16
11090
29
11091
3
11092
59
11093
58
11094
51
11095
3
11096
7
11097
0
11098
46
11099
1
11100
7
11101
63
11102
30
11103
3
11104
61
11105
13
11106
23
11107
15
11108
7
11109
5
11110
30
11111
3
11112
61
11113
29
11114
25
11115
15
11116
7
11117
22
11118
10
11119
1
11120
61
11121
25
11122
23
11123
15
11124
59
11125
0
11126
0
11127
0
11128
61
11129
53
11130
22
11131
15
11132
56
11133
53
11134
22
11135
15
11136
56
11137
13
11138
23
11139
15
11140
3
11141
42
11142
46
11143
2
11144
56
11145
53
11146
22
11147
15
11148
56
11149
25
11150
23
11151
15
11152
3
11153
42
11154
46
11155
2
11156
41
11157
29
11158
25
11159
15
11160
53
11161
22
11162
15
11163
46
11164
14
11165
27
11166
15
11167
53
11168
22
11169
15
11170
29
11171
53
11172
22
11173
15
11174
1
11175
60
11176
45
11177
2
11178
59
11179
63
11180
0
11181
0
11182
46
11183
14
11184
27
11185
15
11186
53
11187
22
11188
15
11189
59
11190
14
11191
27
11192
15
11193
7
11194
57
11195
31
11196
3
11197
59
11198
0
11199
0
11200
0
11201
10
11202
7
11203
51
11204
31
11205
1
11206
59
11207
60
11208
51
11209
3
11210
7
11211
0
11212
46
11213
1
11214
7
11215
16
11216
29
11217
3
11218
59
11219
62
11220
51
11221
3
11222
7
11223
0
11224
46
11225
1
11226
7
11227
16
11228
29
11229
3
11230
58
11231
8
11232
14
11233
15
11234
59
11235
12
11236
0
11237
0
11238
6
11239
54
11240
47
11241
2
11242
7
11243
51
11244
31
11245
1
11246
7
11247
16
11248
29
11249
3
11250
1
11251
62
11252
47
11253
2
11254
59
11255
0
11256
1
11257
0
11258
7
11259
51
11260
32
11261
3
11262
59
11263
0
11264
52
11265
3
11266
7
11267
0
11268
46
11269
1
11270
7
11271
63
11272
30
11273
3
11274
61
11275
1
11276
23
11277
15
11278
7
11279
63
11280
30
11281
3
11282
59
11283
1
11284
0
11285
0
11286
12
11287
61
11288
53
11289
22
11290
15
11291
7
11292
5
11293
30
11294
3
11295
61
11296
29
11297
25
11298
15
11299
7
11300
22
11301
10
11302
1
11303
61
11304
25
11305
23
11306
15
11307
56
11308
1
11309
23
11310
15
11311
56
11312
53
11313
22
11314
15
11315
11
11316
61
11317
1
11318
23
11319
15
11320
59
11321
0
11322
0
11323
0
11324
61
11325
13
11326
23
11327
15
11328
56
11329
53
11330
22
11331
15
11332
56
11333
1
11334
23
11335
15
11336
3
11337
50
11338
49
11339
2
11340
56
11341
53
11342
22
11343
15
11344
56
11345
25
11346
23
11347
15
11348
3
11349
50
11350
49
11351
2
11352
41
11353
29
11354
25
11355
15
11356
53
11357
22
11358
15
11359
46
11360
14
11361
27
11362
15
11363
13
11364
23
11365
15
11366
29
11367
53
11368
22
11369
15
11370
29
11371
13
11372
23
11373
15
11374
1
11375
0
11376
49
11377
2
11378
59
11379
63
11380
0
11381
0
11382
46
11383
14
11384
27
11385
15
11386
13
11387
23
11388
15
11389
59
11390
14
11391
27
11392
15
11393
7
11394
57
11395
31
11396
3
11397
59
11398
0
11399
0
11400
0
11401
10
11402
7
11403
51
11404
31
11405
1
11406
59
11407
2
11408
52
11409
3
11410
7
11411
0
11412
46
11413
1
11414
7
11415
16
11416
29
11417
3
11418
59
11419
4
11420
52
11421
3
11422
7
11423
0
11424
46
11425
1
11426
7
11427
5
11428
30
11429
3
11430
61
11431
21
11432
24
11433
15
11434
57
11435
21
11436
24
11437
15
11438
7
11439
51
11440
32
11441
3
11442
59
11443
0
11444
0
11445
0
11446
10
11447
7
11448
51
11449
31
11450
1
11451
59
11452
6
11453
52
11454
3
11455
7
11456
0
11457
46
11458
1
11459
7
11460
16
11461
29
11462
3
11463
59
11464
8
11465
52
11466
3
11467
7
11468
0
11469
46
11470
1
11471
7
11472
16
11473
29
11474
3
11475
59
11476
10
11477
52
11478
3
11479
7
11480
0
11481
46
11482
1
11483
7
11484
63
11485
30
11486
3
11487
61
11488
53
11489
22
11490
15
11491
7
11492
5
11493
30
11494
3
11495
61
11496
29
11497
25
11498
15
11499
7
11500
22
11501
10
11502
1
11503
61
11504
25
11505
23
11506
15
11507
56
11508
25
11509
23
11510
15
11511
56
11512
53
11513
22
11514
15
11515
12
11516
61
11517
53
11518
22
11519
15
11520
56
11521
53
11522
22
11523
15
11524
59
11525
0
11526
0
11527
0
11528
3
11529
20
11530
52
11531
2
11532
59
11533
0
11534
0
11535
0
11536
61
11537
53
11538
22
11539
15
11540
59
11541
0
11542
0
11543
0
11544
61
11545
13
11546
23
11547
15
11548
56
11549
53
11550
22
11551
15
11552
56
11553
25
11554
23
11555
15
11556
3
11557
2
11558
53
11559
2
11560
41
11561
29
11562
25
11563
15
11564
53
11565
22
11566
15
11567
46
11568
14
11569
27
11570
15
11571
13
11572
23
11573
15
11574
29
11575
53
11576
22
11577
15
11578
29
11579
13
11580
23
11581
15
11582
1
11583
28
11584
52
11585
2
11586
59
11587
63
11588
0
11589
0
11590
46
11591
14
11592
27
11593
15
11594
13
11595
23
11596
15
11597
59
11598
14
11599
27
11600
15
11601
7
11602
57
11603
31
11604
3
11605
59
11606
0
11607
0
11608
0
11609
10
11610
7
11611
51
11612
31
11613
1
11614
59
11615
12
11616
52
11617
3
11618
7
11619
0
11620
46
11621
1
11622
7
11623
16
11624
29
11625
3
11626
59
11627
14
11628
52
11629
3
11630
7
11631
0
11632
46
11633
1
11634
7
11635
63
11636
30
11637
3
11638
54
11639
32
11640
25
11641
15
11642
0
11643
0
11644
0
11645
59
11646
63
11647
0
11648
0
11649
54
11650
32
11651
25
11652
15
11653
1
11654
0
11655
0
11656
59
11657
32
11658
25
11659
15
11660
7
11661
57
11662
31
11663
3
11664
59
11665
0
11666
0
11667
0
11668
10
11669
7
11670
51
11671
31
11672
1
11673
59
11674
16
11675
52
11676
3
11677
7
11678
0
11679
46
11680
1
11681
7
11682
16
11683
29
11684
3
11685
59
11686
18
11687
52
11688
3
11689
7
11690
0
11691
46
11692
1
11693
7
11694
63
11695
30
11696
3
11697
61
11698
34
11699
25
11700
15
11701
56
11702
34
11703
25
11704
15
11705
59
11706
0
11707
0
11708
0
11709
3
11710
10
11711
55
11712
2
11713
56
11714
34
11715
25
11716
15
11717
20
11718
61
11719
34
11720
25
11721
15
11722
56
11723
34
11724
25
11725
15
11726
7
11727
51
11728
32
11729
3
11730
59
11731
0
11732
0
11733
0
11734
10
11735
7
11736
51
11737
31
11738
1
11739
59
11740
20
11741
52
11742
3
11743
7
11744
0
11745
46
11746
1
11747
7
11748
16
11749
29
11750
3
11751
59
11752
22
11753
52
11754
3
11755
7
11756
0
11757
46
11758
1
11759
7
11760
63
11761
30
11762
3
11763
61
11764
49
11765
23
11766
15
11767
59
11768
0
11769
0
11770
0
11771
61
11772
53
11773
22
11774
15
11775
56
11776
53
11777
22
11778
15
11779
56
11780
49
11781
23
11782
15
11783
3
11784
46
11785
56
11786
2
11787
7
11788
16
11789
0
11790
1
11791
46
11792
14
11793
27
11794
15
11795
53
11796
22
11797
15
11798
61
11799
24
11800
24
11801
15
11802
56
11803
24
11804
24
11805
15
11806
59
11807
0
11808
0
11809
0
11810
4
11811
42
11812
56
11813
2
11814
29
11815
53
11816
22
11817
15
11818
1
11819
63
11820
55
11821
2
11822
59
11823
63
11824
0
11825
0
11826
46
11827
14
11828
27
11829
15
11830
53
11831
22
11832
15
11833
59
11834
14
11835
27
11836
15
11837
7
11838
57
11839
31
11840
3
11841
59
11842
0
11843
0
11844
0
11845
10
11846
7
11847
51
11848
31
11849
1
11850
7
11851
48
11852
1
11853
1
11854
63
11855
37
11856
25
11857
15
11858
59
11859
63
11860
0
11861
0
11862
63
11863
38
11864
25
11865
15
11866
59
11867
37
11868
25
11869
15
11870
7
11871
57
11872
31
11873
3
11874
59
11875
0
11876
0
11877
0
11878
10
11879
7
11880
51
11881
31
11882
1
11883
59
11884
24
11885
52
11886
3
11887
7
11888
0
11889
46
11890
1
11891
7
11892
16
11893
29
11894
3
11895
59
11896
26
11897
52
11898
3
11899
7
11900
0
11901
46
11902
1
11903
7
11904
16
11905
29
11906
3
11907
58
11908
8
11909
14
11910
15
11911
59
11912
12
11913
0
11914
0
11915
6
11916
27
11917
58
11918
2
11919
7
11920
51
11921
31
11922
1
11923
7
11924
16
11925
29
11926
3
11927
1
11928
35
11929
58
11930
2
11931
59
11932
1
11933
0
11934
0
11935
7
11936
51
11937
32
11938
3
11939
59
11940
28
11941
52
11942
3
11943
7
11944
0
11945
46
11946
1
11947
7
11948
63
11949
30
11950
3
11951
61
11952
36
11953
24
11954
15
11955
30
11956
36
11957
24
11958
15
11959
7
11960
5
11961
30
11962
3
11963
61
11964
45
11965
25
11966
15
11967
7
11968
5
11969
30
11970
3
11971
61
11972
29
11973
25
11974
15
11975
7
11976
22
11977
10
11978
1
11979
61
11980
25
11981
23
11982
15
11983
56
11984
36
11985
24
11986
15
11987
59
11988
0
11989
0
11990
0
11991
3
11992
39
11993
59
11994
2
11995
59
11996
0
11997
0
11998
0
11999
7
12000
51
12001
32
12002
3
12003
1
12004
62
12005
60
12006
2
12007
56
12008
36
12009
24
12010
15
12011
56
12012
25
12013
23
12014
15
12015
4
12016
63
12017
59
12018
2
12019
59
12020
0
12021
0
12022
0
12023
7
12024
51
12025
32
12026
3
12027
1
12028
62
12029
60
12030
2
12031
56
12032
29
12033
25
12034
15
12035
56
12036
36
12037
24
12038
15
12039
11
12040
56
12041
45
12042
25
12043
15
12044
7
12045
63
12046
8
12047
1
12048
61
12049
36
12050
24
12051
15
12052
56
12053
36
12054
24
12055
15
12056
59
12057
0
12058
0
12059
0
12060
6
12061
44
12062
60
12063
2
12064
59
12065
0
12066
0
12067
0
12068
7
12069
51
12070
32
12071
3
12072
1
12073
62
12074
60
12075
2
12076
56
12077
36
12078
24
12079
15
12080
56
12081
29
12082
25
12083
15
12084
12
12085
59
12086
1
12087
0
12088
0
12089
11
12090
7
12091
51
12092
32
12093
3
12094
59
12095
0
12096
0
12097
0
12098
10
12099
7
12100
51
12101
31
12102
1
12103
59
12104
30
12105
52
12106
3
12107
7
12108
0
12109
46
12110
1
12111
7
12112
16
12113
29
12114
3
12115
59
12116
32
12117
52
12118
3
12119
7
12120
0
12121
46
12122
1
12123
7
12124
63
12125
30
12126
3
12127
61
12128
48
12129
25
12130
15
12131
59
12132
0
12133
0
12134
0
12135
61
12136
51
12137
25
12138
15
12139
56
12140
48
12141
25
12142
15
12143
59
12144
0
12145
0
12146
0
12147
3
12148
63
12149
61
12150
2
12151
59
12152
63
12153
63
12154
63
12155
61
12156
51
12157
25
12158
15
12159
59
12160
0
12161
0
12162
0
12163
56
12164
48
12165
25
12166
15
12167
3
12168
19
12169
62
12170
2
12171
59
12172
1
12173
0
12174
0
12175
61
12176
51
12177
25
12178
15
12179
56
12180
51
12181
25
12182
15
12183
7
12184
51
12185
32
12186
3
12187
59
12188
0
12189
0
12190
0
12191
10
12192
7
12193
51
12194
31
12195
1
12196
59
12197
34
12198
52
12199
3
12200
7
12201
0
12202
46
12203
1
12204
7
12205
16
12206
29
12207
3
12208
59
12209
36
12210
52
12211
3
12212
7
12213
0
12214
46
12215
1
12216
7
12217
63
12218
30
12219
3
12220
7
12221
21
12222
17
12223
1
12224
7
12225
57
12226
31
12227
3
12228
59
12229
0
12230
0
12231
0
12232
10
12233
7
12234
51
12235
31
12236
1
12237
59
12238
38
12239
52
12240
3
12241
7
12242
0
12243
46
12244
1
12245
7
12246
16
12247
29
12248
3
12249
59
12250
40
12251
52
12252
3
12253
7
12254
0
12255
46
12256
1
12257
7
12258
63
12259
30
12260
3
12261
7
12262
12
12263
16
12264
1
12265
7
12266
57
12267
31
12268
3
12269
59
12270
0
12271
0
12272
0
12273
10
12274
7
12275
51
12276
31
12277
1
12278
59
12279
42
12280
52
12281
3
12282
7
12283
0
12284
46
12285
1
12286
7
12287
16
12288
29
12289
3
12290
59
12291
44
12292
52
12293
3
12294
7
12295
0
12296
46
12297
1
12298
7
12299
63
12300
30
12301
3
12302
7
12303
21
12304
16
12305
1
12306
7
12307
57
12308
31
12309
3
12310
59
12311
0
12312
0
12313
0
12314
10
12315
7
12316
63
12317
30
12318
3
12319
61
12320
24
12321
24
12322
15
12323
56
12324
24
12325
24
12326
15
12327
59
12328
0
12329
0
12330
0
12331
6
12332
60
12333
0
12334
3
12335
59
12336
1
12337
0
12338
0
12339
7
12340
51
12341
32
12342
3
12343
59
12344
0
12345
0
12346
0
12347
10
12348
59
12349
0
12350
0
12351
0
12352
7
12353
51
12354
32
12355
3
12356
59
12357
0
12358
0
12359
0
12360
10
12361
7
12362
63
12363
30
12364
3
12365
61
12366
24
12367
24
12368
15
12369
56
12370
24
12371
24
12372
15
12373
59
12374
0
12375
0
12376
0
12377
5
12378
42
12379
1
12380
3
12381
59
12382
1
12383
0
12384
0
12385
7
12386
51
12387
32
12388
3
12389
59
12390
0
12391
0
12392
0
12393
10
12394
59
12395
0
12396
0
12397
0
12398
7
12399
51
12400
32
12401
3
12402
59
12403
0
12404
0
12405
0
12406
10
12407
7
12408
63
12409
30
12410
3
12411
61
12412
24
12413
24
12414
15
12415
56
12416
24
12417
24
12418
15
12419
59
12420
0
12421
0
12422
0
12423
3
12424
24
12425
2
12426
3
12427
59
12428
1
12429
0
12430
0
12431
7
12432
51
12433
32
12434
3
12435
59
12436
0
12437
0
12438
0
12439
10
12440
59
12441
0
12442
0
12443
0
12444
7
12445
51
12446
32
12447
3
12448
59
12449
0
12450
0
12451
0
12452
10
12453
7
12454
63
12455
30
12456
3
12457
61
12458
24
12459
24
12460
15
12461
59
12462
0
12463
0
12464
0
12465
56
12466
24
12467
24
12468
15
12469
4
12470
6
12471
3
12472
3
12473
59
12474
1
12475
0
12476
0
12477
7
12478
51
12479
32
12480
3
12481
59
12482
0
12483
0
12484
0
12485
10
12486
59
12487
0
12488
0
12489
0
12490
7
12491
51
12492
32
12493
3
12494
59
12495
0
12496
0
12497
0
12498
10
12499
7
12500
63
12501
30
12502
3
12503
61
12504
24
12505
24
12506
15
12507
59
12508
0
12509
0
12510
0
12511
56
12512
24
12513
24
12514
15
12515
3
12516
52
12517
3
12518
3
12519
59
12520
1
12521
0
12522
0
12523
7
12524
51
12525
32
12526
3
12527
59
12528
0
12529
0
12530
0
12531
10
12532
59
12533
0
12534
0
12535
0
12536
7
12537
51
12538
32
12539
3
12540
59
12541
0
12542
0
12543
0
12544
10
12545
7
12546
63
12547
30
12548
3
12549
61
12550
24
12551
24
12552
15
12553
56
12554
24
12555
24
12556
15
12557
59
12558
0
12559
0
12560
0
12561
4
12562
34
12563
4
12564
3
12565
59
12566
1
12567
0
12568
0
12569
7
12570
51
12571
32
12572
3
12573
59
12574
0
12575
0
12576
0
12577
10
12578
59
12579
0
12580
0
12581
0
12582
7
12583
51
12584
32
12585
3
12586
59
12587
0
12588
0
12589
0
12590
10
12591
7
12592
29
12593
33
12594
3
12595
61
12596
24
12597
24
12598
15
12599
56
12600
24
12601
24
12602
15
12603
59
12604
6
12605
0
12606
0
12607
6
12608
48
12609
5
12610
3
12611
7
12612
5
12613
30
12614
3
12615
59
12616
2
12617
27
12618
15
12619
7
12620
51
12621
4
12622
1
12623
7
12624
5
12625
30
12626
3
12627
59
12628
5
12629
27
12630
15
12631
7
12632
51
12633
4
12634
1
12635
59
12636
2
12637
27
12638
15
12639
59
12640
5
12641
27
12642
15
12643
7
12644
43
12645
2
12646
1
12647
7
12648
51
12649
32
12650
3
12651
59
12652
0
12653
0
12654
0
12655
10
12656
7
12657
63
12658
30
12659
3
12660
61
12661
8
12662
27
12663
15
12664
7
12665
63
12666
30
12667
3
12668
61
12669
11
12670
27
12671
15
12672
56
12673
11
12674
27
12675
15
12676
56
12677
8
12678
27
12679
15
12680
12
12681
7
12682
51
12683
32
12684
3
12685
59
12686
0
12687
0
12688
0
12689
10
12690
7
12691
63
12692
30
12693
3
12694
61
12695
21
12696
24
12697
15
12698
7
12699
63
12700
30
12701
3
12702
61
12703
24
12704
24
12705
15
12706
56
12707
24
12708
24
12709
15
12710
56
12711
21
12712
24
12713
15
12714
18
12715
7
12716
51
12717
32
12718
3
12719
59
12720
0
12721
0
12722
0
12723
10
12724
7
12725
63
12726
30
12727
3
12728
61
12729
21
12730
24
12731
15
12732
7
12733
63
12734
30
12735
3
12736
61
12737
24
12738
24
12739
15
12740
56
12741
24
12742
24
12743
15
12744
56
12745
21
12746
24
12747
15
12748
19
12749
7
12750
51
12751
32
12752
3
12753
59
12754
0
12755
0
12756
0
12757
10
12758
7
12759
63
12760
30
12761
3
12762
61
12763
21
12764
24
12765
15
12766
7
12767
63
12768
30
12769
3
12770
61
12771
24
12772
24
12773
15
12774
56
12775
21
12776
24
12777
15
12778
59
12779
0
12780
0
12781
0
12782
6
12783
58
12784
7
12785
3
12786
59
12787
46
12788
52
12789
3
12790
7
12791
10
12792
30
12793
1
12794
56
12795
24
12796
24
12797
15
12798
56
12799
21
12800
24
12801
15
12802
17
12803
7
12804
51
12805
32
12806
3
12807
59
12808
0
12809
0
12810
0
12811
10
12812
7
12813
63
12814
30
12815
3
12816
61
12817
21
12818
24
12819
15
12820
7
12821
63
12822
30
12823
3
12824
61
12825
24
12826
24
12827
15
12828
56
12829
21
12830
24
12831
15
12832
59
12833
0
12834
0
12835
0
12836
6
12837
48
12838
8
12839
3
12840
59
12841
63
12842
52
12843
3
12844
7
12845
10
12846
30
12847
1
12848
56
12849
24
12850
24
12851
15
12852
56
12853
21
12854
24
12855
15
12856
14
12857
7
12858
51
12859
32
12860
3
12861
59
12862
0
12863
0
12864
0
12865
10
12866
7
12867
63
12868
30
12869
3
12870
61
12871
21
12872
24
12873
15
12874
7
12875
63
12876
30
12877
3
12878
61
12879
24
12880
24
12881
15
12882
56
12883
24
12884
24
12885
15
12886
56
12887
21
12888
24
12889
15
12890
13
12891
7
12892
51
12893
32
12894
3
12895
59
12896
0
12897
0
12898
0
12899
10
12900
7
12901
63
12902
30
12903
3
12904
61
12905
21
12906
24
12907
15
12908
7
12909
63
12910
30
12911
3
12912
61
12913
24
12914
24
12915
15
12916
56
12917
24
12918
24
12919
15
12920
56
12921
21
12922
24
12923
15
12924
12
12925
7
12926
51
12927
32
12928
3
12929
59
12930
0
12931
0
12932
0
12933
10
12934
7
12935
63
12936
30
12937
3
12938
61
12939
21
12940
24
12941
15
12942
7
12943
63
12944
30
12945
3
12946
61
12947
24
12948
24
12949
15
12950
56
12951
24
12952
24
12953
15
12954
56
12955
21
12956
24
12957
15
12958
11
12959
7
12960
51
12961
32
12962
3
12963
59
12964
0
12965
0
12966
0
12967
10
12968
7
12969
5
12970
30
12971
3
12972
59
12973
14
12974
27
12975
15
12976
7
12977
51
12978
4
12979
1
12980
7
12981
5
12982
30
12983
3
12984
59
12985
54
12986
25
12987
15
12988
7
12989
51
12990
4
12991
1
12992
59
12993
14
12994
27
12995
15
12996
59
12997
54
12998
25
12999
15
13000
7
13001
37
13002
6
13003
1
13004
59
13005
54
13006
25
13007
15
13008
7
13009
57
13010
31
13011
3
13012
59
13013
0
13014
0
13015
0
13016
10
13017
59
13018
0
13019
0
13020
0
13021
61
13022
54
13023
26
13024
15
13025
58
13026
8
13027
14
13028
15
13029
59
13030
11
13031
0
13032
0
13033
6
13034
57
13035
11
13036
3
13037
7
13038
51
13039
31
13040
1
13041
59
13042
1
13043
0
13044
0
13045
61
13046
54
13047
26
13048
15
13049
58
13050
8
13051
14
13052
15
13053
59
13054
13
13055
0
13056
0
13057
6
13058
17
13059
12
13060
3
13061
7
13062
51
13063
31
13064
1
13065
59
13066
63
13067
63
13068
63
13069
61
13070
54
13071
26
13072
15
13073
58
13074
8
13075
14
13076
15
13077
59
13078
8
13079
0
13080
0
13081
6
13082
10
13083
14
13084
3
13085
7
13086
51
13087
31
13088
1
13089
56
13090
54
13091
26
13092
15
13093
27
13094
7
13095
16
13096
29
13097
3
13098
28
13099
61
13100
54
13101
26
13102
15
13103
59
13104
16
13105
53
13106
3
13107
7
13108
0
13109
46
13110
1
13111
7
13112
29
13113
33
13114
3
13115
61
13116
24
13117
24
13118
15
13119
56
13120
24
13121
24
13122
15
13123
59
13124
6
13125
0
13126
0
13127
6
13128
36
13129
13
13130
3
13131
56
13132
54
13133
26
13134
15
13135
59
13136
0
13137
0
13138
0
13139
5
13140
31
13141
13
13142
3
13143
59
13144
18
13145
53
13146
3
13147
7
13148
10
13149
30
13150
1
13151
59
13152
0
13153
0
13154
0
13155
10
13156
56
13157
54
13158
26
13159
15
13160
59
13161
63
13162
63
13163
63
13164
6
13165
5
13166
14
13167
3
13168
7
13169
63
13170
30
13171
3
13172
61
13173
24
13174
24
13175
15
13176
59
13177
0
13178
0
13179
0
13180
56
13181
24
13182
24
13183
15
13184
12
13185
7
13186
51
13187
32
13188
3
13189
59
13190
0
13191
0
13192
0
13193
10
13194
56
13195
14
13196
22
13197
15
13198
59
13199
4
13200
0
13201
0
13202
6
13203
8
13204
15
13205
3
13206
56
13207
20
13208
22
13209
15
13210
7
13211
51
13212
32
13213
3
13214
7
13215
51
13216
31
13217
1
13218
56
13219
54
13220
26
13221
15
13222
59
13223
63
13224
63
13225
63
13226
6
13227
3
13228
15
13229
3
13230
7
13231
63
13232
30
13233
3
13234
61
13235
24
13236
24
13237
15
13238
59
13239
0
13240
0
13241
0
13242
56
13243
24
13244
24
13245
15
13246
12
13247
7
13248
51
13249
32
13250
3
13251
59
13252
0
13253
0
13254
0
13255
10
13256
56
13257
14
13258
22
13259
15
13260
59
13261
6
13262
0
13263
0
13264
6
13265
57
13266
15
13267
3
13268
59
13269
8
13270
14
13271
15
13272
7
13273
57
13274
31
13275
3
13276
7
13277
51
13278
31
13279
1
13280
56
13281
54
13282
26
13283
15
13284
59
13285
0
13286
0
13287
0
13288
5
13289
52
13290
15
13291
3
13292
59
13293
32
13294
53
13295
3
13296
7
13297
10
13298
30
13299
1
13300
59
13301
0
13302
0
13303
0
13304
10
13305
56
13306
14
13307
22
13308
15
13309
59
13310
3
13311
0
13312
0
13313
6
13314
40
13315
17
13316
3
13317
56
13318
54
13319
26
13320
15
13321
27
13322
56
13323
17
13324
22
13325
15
13326
59
13327
6
13328
0
13329
0
13330
13
13331
59
13332
21
13333
20
13334
1
13335
11
13336
33
13337
3
13338
0
13339
0
13340
28
13341
61
13342
54
13343
26
13344
15
13345
7
13346
29
13347
33
13348
3
13349
61
13350
24
13351
24
13352
15
13353
56
13354
24
13355
24
13356
15
13357
59
13358
6
13359
0
13360
0
13361
6
13362
14
13363
17
13364
3
13365
56
13366
54
13367
26
13368
15
13369
59
13370
0
13371
0
13372
0
13373
5
13374
9
13375
17
13376
3
13377
59
13378
45
13379
53
13380
3
13381
7
13382
10
13383
30
13384
1
13385
59
13386
0
13387
0
13388
0
13389
10
13390
56
13391
54
13392
26
13393
15
13394
59
13395
63
13396
63
13397
63
13398
6
13399
35
13400
17
13401
3
13402
7
13403
63
13404
30
13405
3
13406
20
13407
7
13408
51
13409
32
13410
3
13411
59
13412
0
13413
0
13414
0
13415
10
13416
56
13417
14
13418
22
13419
15
13420
59
13421
1
13422
0
13423
0
13424
6
13425
41
13426
19
13427
3
13428
56
13429
54
13430
26
13431
15
13432
27
13433
59
13434
8
13435
14
13436
15
13437
7
13438
54
13439
4
13440
2
13441
61
13442
60
13443
26
13444
15
13445
28
13446
61
13447
54
13448
26
13449
15
13450
56
13451
50
13452
22
13453
15
13454
59
13455
10
13456
0
13457
0
13458
5
13459
26
13460
18
13461
3
13462
7
13463
51
13464
31
13465
1
13466
56
13467
50
13468
22
13469
15
13470
59
13471
6
13472
0
13473
0
13474
6
13475
7
13476
19
13477
3
13478
56
13479
60
13480
26
13481
15
13482
7
13483
57
13484
31
13485
3
13486
56
13487
54
13488
26
13489
15
13490
59
13491
0
13492
0
13493
0
13494
5
13495
2
13496
19
13497
3
13498
59
13499
59
13500
53
13501
3
13502
7
13503
10
13504
30
13505
1
13506
59
13507
0
13508
0
13509
0
13510
10
13511
55
13512
60
13513
26
13514
15
13515
7
13516
51
13517
32
13518
3
13519
56
13520
54
13521
26
13522
15
13523
59
13524
63
13525
63
13526
63
13527
6
13528
36
13529
19
13530
3
13531
7
13532
63
13533
30
13534
3
13535
20
13536
7
13537
51
13538
32
13539
3
13540
59
13541
0
13542
0
13543
0
13544
10
13545
59
13546
8
13547
54
13548
3
13549
7
13550
10
13551
30
13552
1
13553
59
13554
0
13555
0
13556
0
13557
10
13558
7
13559
25
13560
11
13561
3
13562
7
13563
29
13564
33
13565
3
13566
61
13567
24
13568
24
13569
15
13570
56
13571
24
13572
24
13573
15
13574
59
13575
4
13576
0
13577
0
13578
5
13579
19
13580
20
13581
3
13582
59
13583
0
13584
0
13585
0
13586
10
13587
58
13588
8
13589
14
13590
15
13591
59
13592
10
13593
0
13594
0
13595
6
13596
47
13597
20
13598
3
13599
7
13600
51
13601
31
13602
1
13603
7
13604
25
13605
11
13606
3
13607
7
13608
2
13609
9
13610
3
13611
1
13612
19
13613
20
13614
3
13615
58
13616
8
13617
14
13618
15
13619
59
13620
15
13621
0
13622
0
13623
6
13624
11
13625
21
13626
3
13627
7
13628
51
13629
31
13630
1
13631
7
13632
25
13633
11
13634
3
13635
7
13636
12
13637
8
13638
3
13639
1
13640
19
13641
20
13642
3
13643
59
13644
8
13645
14
13646
15
13647
59
13648
27
13649
54
13650
3
13651
7
13652
43
13653
2
13654
1
13655
61
13656
24
13657
24
13658
15
13659
56
13660
24
13661
24
13662
15
13663
59
13664
0
13665
0
13666
0
13667
6
13668
55
13669
21
13670
3
13671
7
13672
51
13673
31
13674
1
13675
7
13676
25
13677
11
13678
3
13679
7
13680
22
13681
7
13682
3
13683
1
13684
19
13685
20
13686
3
13687
59
13688
0
13689
0
13690
0
13691
10
13692
7
13693
54
13694
19
13695
3
13696
7
13697
29
13698
33
13699
3
13700
61
13701
24
13702
24
13703
15
13704
56
13705
24
13706
24
13707
15
13708
59
13709
6
13710
0
13711
0
13712
6
13713
53
13714
22
13715
3
13716
58
13717
8
13718
14
13719
15
13720
59
13721
11
13722
0
13723
0
13724
6
13725
48
13726
22
13727
3
13728
7
13729
51
13730
31
13731
1
13732
7
13733
54
13734
19
13735
3
13736
7
13737
40
13738
10
13739
3
13740
1
13741
20
13742
22
13743
3
13744
59
13745
0
13746
0
13747
0
13748
10
13749
58
13750
8
13751
14
13752
15
13753
59
13754
11
13755
0
13756
0
13757
6
13758
17
13759
23
13760
3
13761
7
13762
51
13763
31
13764
1
13765
7
13766
54
13767
19
13768
3
13769
7
13770
6
13771
10
13772
3
13773
1
13774
53
13775
22
13776
3
13777
58
13778
8
13779
14
13780
15
13781
59
13782
13
13783
0
13784
0
13785
6
13786
45
13787
23
13788
3
13789
7
13790
51
13791
31
13792
1
13793
7
13794
54
13795
19
13796
3
13797
7
13798
36
13799
9
13800
3
13801
1
13802
53
13803
22
13804
3
13805
59
13806
0
13807
0
13808
0
13809
10
13810
7
13811
60
13812
21
13813
3
13814
59
13815
8
13816
14
13817
15
13818
59
13819
31
13820
54
13821
3
13822
7
13823
43
13824
2
13825
1
13826
61
13827
24
13828
24
13829
15
13830
56
13831
24
13832
24
13833
15
13834
59
13835
0
13836
0
13837
0
13838
6
13839
38
13840
24
13841
3
13842
7
13843
51
13844
31
13845
1
13846
7
13847
60
13848
21
13849
3
13850
7
13851
47
13852
4
13853
3
13854
7
13855
1
13856
4
13857
3
13858
1
13859
54
13860
23
13861
3
13862
59
13863
8
13864
14
13865
15
13866
59
13867
34
13868
54
13869
3
13870
7
13871
43
13872
2
13873
1
13874
61
13875
24
13876
24
13877
15
13878
56
13879
24
13880
24
13881
15
13882
59
13883
0
13884
0
13885
0
13886
6
13887
22
13888
25
13889
3
13890
7
13891
51
13892
31
13893
1
13894
7
13895
60
13896
21
13897
3
13898
7
13899
47
13900
4
13901
3
13902
7
13903
19
13904
3
13905
3
13906
1
13907
54
13908
23
13909
3
13910
59
13911
8
13912
14
13913
15
13914
59
13915
36
13916
54
13917
3
13918
7
13919
43
13920
2
13921
1
13922
61
13923
24
13924
24
13925
15
13926
56
13927
24
13928
24
13929
15
13930
59
13931
0
13932
0
13933
0
13934
6
13935
6
13936
26
13937
3
13938
7
13939
51
13940
31
13941
1
13942
7
13943
60
13944
21
13945
3
13946
7
13947
47
13948
4
13949
3
13950
7
13951
37
13952
2
13953
3
13954
1
13955
54
13956
23
13957
3
13958
59
13959
8
13960
14
13961
15
13962
59
13963
39
13964
54
13965
3
13966
7
13967
43
13968
2
13969
1
13970
61
13971
24
13972
24
13973
15
13974
56
13975
24
13976
24
13977
15
13978
59
13979
0
13980
0
13981
0
13982
6
13983
54
13984
26
13985
3
13986
7
13987
51
13988
31
13989
1
13990
7
13991
60
13992
21
13993
3
13994
7
13995
47
13996
4
13997
3
13998
7
13999
55
14000
1
14001
3
14002
1
14003
54
14004
23
14005
3
14006
59
14007
8
14008
14
14009
15
14010
59
14011
41
14012
54
14013
3
14014
7
14015
43
14016
2
14017
1
14018
61
14019
24
14020
24
14021
15
14022
56
14023
24
14024
24
14025
15
14026
59
14027
0
14028
0
14029
0
14030
6
14031
38
14032
27
14033
3
14034
7
14035
51
14036
31
14037
1
14038
7
14039
60
14040
21
14041
3
14042
7
14043
47
14044
4
14045
3
14046
7
14047
9
14048
1
14049
3
14050
1
14051
54
14052
23
14053
3
14054
59
14055
8
14056
14
14057
15
14058
59
14059
44
14060
54
14061
3
14062
7
14063
43
14064
2
14065
1
14066
61
14067
24
14068
24
14069
15
14070
56
14071
24
14072
24
14073
15
14074
59
14075
0
14076
0
14077
0
14078
6
14079
22
14080
28
14081
3
14082
7
14083
51
14084
31
14085
1
14086
7
14087
60
14088
21
14089
3
14090
7
14091
47
14092
4
14093
3
14094
7
14095
27
14096
0
14097
3
14098
1
14099
54
14100
23
14101
3
14102
59
14103
0
14104
0
14105
0
14106
10
14107
7
14108
50
14109
23
14110
3
14111
59
14112
8
14113
14
14114
15
14115
59
14116
46
14117
54
14118
3
14119
7
14120
43
14121
2
14122
1
14123
61
14124
24
14125
24
14126
15
14127
56
14128
24
14129
24
14130
15
14131
59
14132
0
14133
0
14134
0
14135
5
14136
0
14137
29
14138
3
14139
59
14140
0
14141
0
14142
0
14143
10
14144
7
14145
51
14146
31
14147
1
14148
7
14149
50
14150
23
14151
3
14152
7
14153
18
14154
6
14155
3
14156
1
14157
31
14158
28
14159
3
14160
7
14161
27
14162
28
14163
3
14164
59
14165
8
14166
14
14167
15
14168
59
14169
50
14170
54
14171
3
14172
7
14173
43
14174
2
14175
1
14176
61
14177
24
14178
24
14179
15
14180
56
14181
24
14182
24
14183
15
14184
59
14185
0
14186
0
14187
0
14188
5
14189
53
14190
29
14191
3
14192
59
14193
0
14194
0
14195
0
14196
10
14197
7
14198
51
14199
31
14200
1
14201
7
14202
27
14203
28
14204
3
14205
7
14206
52
14207
6
14208
3
14209
1
14210
20
14211
29
14212
3
14213
7
14214
29
14215
33
14216
3
14217
61
14218
24
14219
24
14220
15
14221
56
14222
24
14223
24
14224
15
14225
59
14226
6
14227
0
14228
0
14229
5
14230
33
14231
30
14232
3
14233
59
14234
53
14235
54
14236
3
14237
7
14238
10
14239
30
14240
1
14241
56
14242
23
14243
22
14244
15
14245
59
14246
3
14247
1
14248
0
14249
12
14250
61
14251
23
14252
22
14253
15
14254
56
14255
23
14256
22
14257
15
14258
38
14259
3
14260
0
14261
0
14262
61
14263
24
14264
24
14265
15
14266
56
14267
24
14268
24
14269
15
14270
10
14271
7
14272
29
14273
33
14274
3
14275
61
14276
15
14277
28
14278
15
14279
56
14280
15
14281
28
14282
15
14283
59
14284
4
14285
0
14286
0
14287
5
14288
27
14289
31
14290
3
14291
59
14292
3
14293
55
14294
3
14295
7
14296
10
14297
30
14298
1
14299
56
14300
23
14301
22
14302
15
14303
59
14304
3
14305
1
14306
0
14307
12
14308
61
14309
23
14310
22
14311
15
14312
56
14313
23
14314
22
14315
15
14316
36
14317
3
14318
0
14319
0
14320
61
14321
15
14322
28
14323
15
14324
56
14325
15
14326
28
14327
15
14328
10
14329
61
14330
9
14331
24
14332
15
14333
59
14334
6
14335
0
14336
0
14337
56
14338
23
14339
22
14340
15
14341
34
14342
0
14343
0
14344
0
14345
56
14346
23
14347
22
14348
15
14349
38
14350
3
14351
0
14352
0
14353
61
14354
21
14355
24
14356
15
14357
56
14358
9
14359
24
14360
15
14361
56
14362
21
14363
24
14364
15
14365
59
14366
63
14367
0
14368
0
14369
7
14370
29
14371
5
14372
1
14373
56
14374
23
14375
22
14376
15
14377
59
14378
3
14379
1
14380
0
14381
11
14382
61
14383
23
14384
22
14385
15
14386
10
14387
61
14388
18
14389
28
14390
15
14391
59
14392
4
14393
0
14394
0
14395
56
14396
23
14397
22
14398
15
14399
34
14400
0
14401
0
14402
0
14403
56
14404
18
14405
28
14406
15
14407
56
14408
23
14409
22
14410
15
14411
34
14412
3
14413
0
14414
0
14415
56
14416
23
14417
22
14418
15
14419
59
14420
3
14421
1
14422
0
14423
11
14424
61
14425
23
14426
22
14427
15
14428
10
14429
56
14430
23
14431
22
14432
15
14433
59
14434
57
14435
9
14436
13
14437
6
14438
46
14439
33
14440
3
14441
59
14442
0
14443
0
14444
0
14445
10
14446
56
14447
23
14448
22
14449
15
14450
59
14451
3
14452
1
14453
0
14454
12
14455
61
14456
21
14457
28
14458
15
14459
56
14460
21
14461
28
14462
15
14463
36
14464
0
14465
0
14466
0
14467
10
14468
56
14469
23
14470
22
14471
15
14472
59
14473
57
14474
9
14475
13
14476
5
14477
24
14478
34
14479
3
14480
59
14481
17
14482
55
14483
3
14484
7
14485
10
14486
30
14487
1
14488
10
14489
59
14490
57
14491
9
14492
13
14493
61
14494
23
14495
22
14496
15
14497
10
14498
10
14499
7
14500
34
14501
34
14502
3
14503
1
14504
43
14505
34
14506
3
14507
7
14508
48
14509
34
14510
3
14511
10
14512
56
14513
47
14514
63
14515
63
14516
61
14517
60
14518
9
14519
15
14520
59
14521
1
14522
0
14523
0
14524
61
14525
41
14526
22
14527
15
14528
59
14529
0
14530
0
14531
0
14532
61
14533
5
14534
10
14535
15
14536
7
14537
39
14538
1
14539
1
14540
59
14541
36
14542
55
14543
3
14544
7
14545
48
14546
0
14547
1
14548
7
14549
30
14550
1
14551
1
14552
7
14553
10
14554
42
14555
2
14556
7
14557
30
14558
1
14559
1
14560
59
14561
56
14562
55
14563
3
14564
7
14565
48
14566
0
14567
1
14568
7
14569
30
14570
1
14571
1
14572
7
14573
25
14574
34
14575
3
14576
59
14577
62
14578
55
14579
3
14580
7
14581
48
14582
0
14583
1
14584
59
14585
24
14586
28
14587
15
14588
7
14589
50
14590
1
14591
1
14592
61
14593
24
14594
24
14595
15
14596
56
14597
24
14598
24
14599
15
14600
59
14601
61
14602
0
14603
0
14604
5
14605
32
14606
36
14607
3
14608
7
14609
30
14610
1
14611
1
14612
59
14613
1
14614
56
14615
3
14616
7
14617
48
14618
0
14619
1
14620
1
14621
48
14622
35
14623
3
14624
58
14625
24
14626
28
14627
15
14628
59
14629
63
14630
0
14631
0
14632
5
14633
48
14634
35
14635
3
14636
59
14637
24
14638
28
14639
15
14640
59
14641
27
14642
36
14643
15
14644
59
14645
24
14646
32
14647
15
14648
7
14649
46
14650
61
14651
1
14652
56
14653
27
14654
36
14655
15
14656
59
14657
0
14658
0
14659
0
14660
3
14661
20
14662
37
14663
3
14664
58
14665
24
14666
32
14667
15
14668
59
14669
63
14670
0
14671
0
14672
5
14673
48
14674
35
14675
3
14676
56
14677
27
14678
36
14679
15
14680
59
14681
0
14682
0
14683
0
14684
4
14685
44
14686
37
14687
3
14688
58
14689
24
14690
32
14691
15
14692
59
14693
63
14694
0
14695
0
14696
5
14697
20
14698
38
14699
3
14700
56
14701
27
14702
36
14703
15
14704
59
14705
0
14706
0
14707
0
14708
3
14709
4
14710
38
14711
3
14712
58
14713
24
14714
32
14715
15
14716
59
14717
63
14718
0
14719
0
14720
6
14721
56
14722
38
14723
3
14724
56
14725
27
14726
36
14727
15
14728
59
14729
24
14730
32
14731
15
14732
7
14733
58
14734
49
14735
1
14736
1
14737
48
14738
35
14739
3
14740
56
14741
27
14742
36
14743
15
14744
59
14745
63
14746
63
14747
63
14748
5
14749
56
14750
38
14751
3
14752
58
14753
24
14754
32
14755
15
14756
59
14757
63
14758
0
14759
0
14760
6
14761
56
14762
38
14763
3
14764
56
14765
27
14766
36
14767
15
14768
7
14769
34
14770
59
14771
1
14772
1
14773
48
14774
35
14775
3
14776
59
14777
0
14778
0
14779
0
14780
61
14781
38
14782
22
14783
15
14784
59
14785
63
14786
63
14787
63
14788
59
14789
48
14790
24
14791
5
14792
34
14793
3
14794
0
14795
0
14796
59
14797
24
14798
32
14799
15
14800
59
14801
48
14802
24
14803
5
14804
38
14805
6
14806
0
14807
0
14808
7
14809
51
14810
4
14811
1
14812
59
14813
24
14814
32
14815
15
14816
7
14817
22
14818
10
14819
1
14820
59
14821
7
14822
0
14823
0
14824
11
14825
61
14826
48
14827
24
14828
15
14829
56
14830
48
14831
24
14832
15
14833
59
14834
48
14835
24
14836
5
14837
34
14838
0
14839
0
14840
0
14841
59
14842
48
14843
24
14844
5
14845
56
14846
48
14847
24
14848
15
14849
11
14850
61
14851
24
14852
24
14853
15
14854
59
14855
63
14856
63
14857
63
14858
56
14859
24
14860
24
14861
15
14862
34
14863
0
14864
0
14865
0
14866
59
14867
48
14868
24
14869
5
14870
7
14871
45
14872
24
14873
1
14874
61
14875
24
14876
36
14877
15
14878
56
14879
24
14880
36
14881
15
14882
59
14883
3
14884
0
14885
0
14886
5
14887
2
14888
41
14889
3
14890
56
14891
24
14892
36
14893
15
14894
59
14895
2
14896
0
14897
0
14898
5
14899
62
14900
40
14901
3
14902
59
14903
4
14904
56
14905
3
14906
7
14907
10
14908
30
14909
1
14910
1
14911
28
14912
35
14913
3
14914
7
14915
10
14916
42
14917
2
14918
59
14919
24
14920
56
14921
3
14922
7
14923
48
14924
0
14925
1
14926
7
14927
30
14928
1
14929
1
14930
10
14931
10
14932
16
14933
17
14934
18
14935
19
14936
20
14937
21
14938
22
14939
23
14940
24
14941
25
14942
1
14943
2
14944
3
14945
4
14946
5
14947
6
14948
63
14949
16
14950
63
14951
16
14952
17
14953
18
14954
19
14955
20
14956
21
14957
22
14958
23
14959
24
14960
25
14961
33
14962
34
14963
35
14964
36
14965
37
14966
38
14967
63
14968
50
14969
53
14970
46
14971
63
14972
41
14973
38
14974
63
14975
38
14976
47
14977
50
14978
63
14979
46
14980
37
14981
56
14982
52
14983
63
14984
39
14985
47
14986
52
14987
47
14988
63
14989
39
14990
47
14991
51
14992
53
14993
34
14994
63
14995
50
14996
37
14997
52
14998
53
14999
50
15000
46
15001
63
15002
48
15003
50
15004
41
15005
46
15006
52
15007
63
15008
41
15009
46
15010
48
15011
53
15012
52
15013
63
15014
35
15015
44
15016
37
15017
33
15018
50
15019
63
15020
46
15021
37
15022
55
15023
63
15024
37
15025
46
15026
36
15027
63
15028
44
15029
41
15030
51
15031
52
15032
63
15033
50
15034
53
15035
46
15036
63
15037
51
15038
52
15039
47
15040
48
15041
63
15042
35
15043
47
15044
46
15045
52
15046
63
15047
52
15048
40
15049
37
15050
46
15051
63
15052
37
15053
44
15054
51
15055
37
15056
63
15057
33
15058
34
15059
51
15060
63
15061
51
15062
39
15063
46
15064
63
15065
35
15066
40
15067
50
15068
4
15069
63
15070
33
15071
51
15072
35
15073
63
15074
45
15075
41
15076
36
15077
4
15078
63
15079
44
15080
37
15081
38
15082
52
15083
4
15084
63
15085
50
15086
41
15087
39
15088
40
15089
52
15090
4
15091
63
15092
41
15093
46
15094
48
15095
53
15096
52
15097
4
15098
63
15099
41
15100
46
15101
43
15102
37
15103
57
15104
4
15105
63
15106
51
15107
52
15108
50
15109
4
15110
63
15111
40
15112
37
15113
56
15114
4
15115
63
15116
34
15117
41
15118
46
15119
4
15120
63
15121
47
15122
35
15123
52
15124
4
15125
63
15126
54
15127
33
15128
44
15129
63
15130
44
15131
37
15132
46
15133
63
15134
41
15135
46
15136
51
15137
52
15138
50
15139
63
15140
35
15141
33
15142
46
15143
7
15144
52
15145
0
15146
35
15147
47
15148
46
15149
52
15150
41
15151
46
15152
53
15153
37
15154
63
15155
34
15156
50
15157
37
15158
33
15159
43
15160
63
15161
51
15162
57
15163
46
15164
52
15165
33
15166
56
15167
0
15168
37
15169
50
15170
50
15171
47
15172
50
15173
63
15174
51
15175
57
15176
46
15177
52
15178
33
15179
56
15180
0
15181
37
15182
50
15183
50
15184
47
15185
50
15186
63
15187
44
15188
41
15189
46
15190
37
15191
0
15192
63
15193
0
15194
26
15195
0
15196
63
15197
51
15198
57
15199
46
15200
52
15201
33
15202
56
15203
0
15204
37
15205
50
15206
50
15207
47
15208
50
15209
63
15210
37
15211
44
15212
51
15213
37
15214
63
15215
51
15216
57
15217
46
15218
52
15219
33
15220
56
15221
0
15222
37
15223
50
15224
50
15225
47
15226
50
15227
63
15228
51
15229
57
15230
46
15231
52
15232
33
15233
56
15234
0
15235
37
15236
50
15237
50
15238
47
15239
50
15240
63
15241
8
15242
63
15243
33
15244
50
15245
50
15246
33
15247
57
15248
0
15249
50
15250
33
15251
46
15252
39
15253
37
15254
0
15255
41
15256
51
15257
0
15258
47
15259
54
15260
37
15261
50
15262
63
15263
33
15264
50
15265
50
15266
33
15267
57
15268
0
15269
50
15270
33
15271
46
15272
39
15273
37
15274
0
15275
41
15276
51
15277
0
15278
47
15279
54
15280
37
15281
50
15282
63
15283
9
15284
63
15285
52
15286
40
15287
37
15288
46
15289
63
15290
44
15291
41
15292
46
15293
37
15294
0
15295
46
15296
47
15297
14
15298
0
15299
46
15300
47
15301
52
15302
0
15303
38
15304
47
15305
53
15306
46
15307
36
15308
63
15309
37
15310
44
15311
51
15312
37
15313
63
15314
44
15315
41
15316
46
15317
37
15318
0
15319
46
15320
47
15321
14
15322
0
15323
46
15324
47
15325
52
15326
0
15327
38
15328
47
15329
53
15330
46
15331
36
15332
63
15333
50
15334
37
15335
52
15336
53
15337
50
15338
46
15339
0
15340
55
15341
41
15342
52
15343
40
15344
47
15345
53
15346
52
15347
0
15348
39
15349
47
15350
51
15351
53
15352
34
15353
63
15354
51
15355
52
15356
33
15357
35
15358
43
15359
0
15360
47
15361
54
15362
37
15363
50
15364
38
15365
44
15366
47
15367
55
15368
0
15369
8
15370
39
15371
47
15372
51
15373
53
15374
34
15375
9
15376
63
15377
51
15378
57
15379
46
15380
52
15381
33
15382
56
15383
0
15384
37
15385
50
15386
50
15387
47
15388
50
15389
63
15390
44
15391
41
15392
46
15393
37
15394
0
15395
46
15396
47
15397
14
15398
46
15399
47
15400
52
15401
0
15402
38
15403
47
15404
53
15405
46
15406
36
15407
63
15408
46
15409
37
15410
56
15411
52
15412
0
15413
55
15414
41
15415
52
15416
40
15417
47
15418
53
15419
52
15420
0
15421
38
15422
47
15423
50
15424
63
15425
46
15426
37
15427
56
15428
52
15429
0
15430
55
15431
41
15432
52
15433
40
15434
47
15435
53
15436
52
15437
0
15438
38
15439
47
15440
50
15441
63
15442
51
15443
52
15444
33
15445
35
15446
43
15447
0
15448
47
15449
54
15450
37
15451
50
15452
0
15453
38
15454
44
15455
47
15456
55
15457
0
15458
8
15459
38
15460
47
15461
50
15462
13
15463
46
15464
37
15465
56
15466
52
15467
9
15468
63
15469
51
15470
57
15471
46
15472
52
15473
33
15474
56
15475
0
15476
37
15477
50
15478
50
15479
47
15480
50
15481
63
15482
52
15483
47
15484
63
15485
51
15486
52
15487
37
15488
48
15489
63
15490
51
15491
57
15492
46
15493
52
15494
33
15495
56
15496
0
15497
37
15498
50
15499
50
15500
47
15501
50
15502
63
15503
44
15504
41
15505
46
15506
37
15507
0
15508
46
15509
47
15510
14
15511
0
15512
46
15513
47
15514
52
15515
0
15516
38
15517
47
15518
53
15519
46
15520
36
15521
63
15522
31
15523
0
15524
63
15525
51
15526
57
15527
46
15528
52
15529
33
15530
56
15531
0
15532
37
15533
50
15534
50
15535
47
15536
50
15537
63
15538
29
15539
63
15540
52
15541
57
15542
48
15543
37
15544
0
15545
45
15546
41
15547
51
15548
45
15549
33
15550
52
15551
35
15552
40
15553
0
15554
37
15555
50
15556
50
15557
47
15558
50
15559
63
15560
0
15561
63
15562
37
15563
44
15564
51
15565
37
15566
0
15567
55
15568
41
15569
52
15570
40
15571
47
15572
53
15573
52
15574
0
15575
41
15576
38
15577
63
15578
52
15579
40
15580
37
15581
46
15582
0
15583
55
15584
41
15585
52
15586
40
15587
47
15588
53
15589
52
15590
0
15591
41
15592
38
15593
63
15594
8
15595
63
15596
9
15597
63
15598
8
15599
63
15600
9
15601
63
15602
8
15603
63
15604
9
15605
63
15606
8
15607
63
15608
12
15609
63
15610
9
15611
63
15612
8
15613
63
15614
12
15615
63
15616
9
15617
63
15618
8
15619
63
15620
9
15621
63
15622
8
15623
63
15624
12
15625
63
15626
9
15627
63
15628
8
15629
63
15630
9
15631
63
15632
8
15633
63
15634
9
15635
63
15636
8
15637
63
15638
9
15639
63
15640
8
15641
63
15642
12
15643
63
15644
9
15645
63
15646
8
15647
63
15648
9
15649
63
15650
8
15651
63
15652
9
15653
63
15654
8
15655
63
15656
9
15657
63
15658
8
15659
63
15660
9
15661
63
15662
36
15663
41
15664
54
15665
41
15666
51
15667
41
15668
47
15669
46
15670
0
15671
34
15672
57
15673
0
15674
58
15675
37
15676
50
15677
47
15678
63
15679
36
15680
41
15681
54
15682
41
15683
51
15684
41
15685
47
15686
46
15687
0
15688
34
15689
57
15690
0
15691
58
15692
37
15693
50
15694
47
15695
63
15696
9
15697
63
15698
52
15699
57
15700
48
15701
37
15702
0
15703
45
15704
41
15705
51
15706
45
15707
33
15708
52
15709
35
15710
40
15711
63
15712
51
15713
57
15714
46
15715
52
15716
33
15717
56
15718
0
15719
37
15720
50
15721
50
15722
47
15723
50
15724
63
15725
52
15726
57
15727
48
15728
37
15729
0
15730
45
15731
41
15732
51
15733
45
15734
33
15735
52
15736
35
15737
40
15738
63
15739
51
15740
57
15741
46
15742
52
15743
33
15744
56
15745
0
15746
37
15747
50
15748
50
15749
47
15750
50
15751
63
15752
41
15753
44
15754
44
15755
37
15756
39
15757
33
15758
44
15759
0
15760
37
15761
56
15762
48
15763
50
15764
37
15765
51
15766
51
15767
41
15768
47
15769
46
15770
63
15771
45
15772
47
15773
36
15774
63
15775
30
15776
29
15777
63
15778
30
15779
63
15780
28
15781
29
15782
63
15783
28
15784
63
15785
28
15786
30
15787
63
15788
29
15789
63
15790
33
15791
46
15792
36
15793
63
15794
47
15795
50
15796
63
15797
52
15798
57
15799
48
15800
37
15801
0
15802
45
15803
41
15804
51
15805
45
15806
33
15807
52
15808
35
15809
40
15810
63
15811
52
15812
57
15813
48
15814
37
15815
0
15816
45
15817
41
15818
51
15819
45
15820
33
15821
52
15822
35
15823
40
15824
63
15825
41
15826
44
15827
44
15828
37
15829
39
15830
33
15831
44
15832
0
15833
37
15834
56
15835
48
15836
50
15837
37
15838
51
15839
51
15840
41
15841
47
15842
46
15843
63
15844
35
15845
33
15846
50
15847
36
15848
22
15849
0
15850
34
15851
33
15852
51
15853
41
15854
35
15855
0
15856
54
15857
37
15858
50
15859
0
15860
16
15861
14
15862
17
15863
63
15864
50
15865
37
15866
33
15867
36
15868
57
15869
63
15870
30
15871
0
15872
63
15873
31
15874
0
15875
63
15876
36
15877
41
15878
50
15879
37
15880
35
15881
52
15882
0
15883
35
15884
47
15885
45
15886
45
15887
33
15888
46
15889
36
15890
0
15891
47
15892
46
15893
44
15894
57
15895
63
15896
28
15897
28
15898
28
15899
34
15900
57
15901
37
15902
30
15903
30
15904
30
15905
63
